2024-08-02 12:13:33,898 - INFO - Starting plot with 64 channels
2024-08-02 12:13:33,922 - INFO - Received 200 samples
2024-08-02 12:13:33,923 - INFO - Time it takes to pull data: 0.000000 ms
2024-08-02 12:13:33,923 - INFO - Total time since previous plot iteration: 316.67 ms
2024-08-02 12:13:33,923 - INFO - Time delay between first and second subscriber: 181.897402 ms
2024-08-02 12:13:33,961 - INFO - Time it takes to plot data: 0.037528 ms
2024-08-02 12:13:34,127 - INFO - Received 200 samples
2024-08-02 12:13:34,127 - INFO - Time it takes to pull data: 0.109857 ms
2024-08-02 12:13:34,135 - INFO - Total time since previous plot iteration: 212.16 ms
2024-08-02 12:13:34,135 - INFO - Time delay between first and second subscriber: 9.748459 ms
2024-08-02 12:13:34,176 - INFO - Time it takes to plot data: 0.040977 ms
2024-08-02 12:13:34,516 - INFO - Received 200 samples
2024-08-02 12:13:34,517 - INFO - Time it takes to pull data: 0.045314 ms
2024-08-02 12:13:34,517 - INFO - Total time since previous plot iteration: 381.22 ms
2024-08-02 12:13:34,517 - INFO - Time delay between first and second subscriber: 1.966953 ms
2024-08-02 12:13:34,557 - INFO - Time it takes to plot data: 0.040515 ms
2024-08-02 12:13:34,903 - INFO - Received 200 samples
2024-08-02 12:13:34,903 - INFO - Time it takes to pull data: 0.104260 ms
2024-08-02 12:13:34,903 - INFO - Total time since previous plot iteration: 386.75 ms
2024-08-02 12:13:34,903 - INFO - Time delay between first and second subscriber: 0.962019 ms
2024-08-02 12:13:34,944 - INFO - Time it takes to plot data: 0.040609 ms
2024-08-02 12:13:35,298 - INFO - Received 200 samples
2024-08-02 12:13:35,298 - INFO - Time it takes to pull data: 0.291180 ms
2024-08-02 12:13:35,299 - INFO - Total time since previous plot iteration: 395.79 ms
2024-08-02 12:13:35,299 - INFO - Time delay between first and second subscriber: 2.002001 ms
2024-08-02 12:13:35,342 - INFO - Time it takes to plot data: 0.043038 ms
2024-08-02 12:13:35,689 - INFO - Received 200 samples
2024-08-02 12:13:35,690 - INFO - Time it takes to pull data: 0.277973 ms
2024-08-02 12:13:35,690 - INFO - Total time since previous plot iteration: 390.48 ms
2024-08-02 12:13:35,690 - INFO - Time delay between first and second subscriber: 2.012253 ms
2024-08-02 12:13:35,758 - INFO - Time it takes to plot data: 0.068577 ms
2024-08-02 12:13:36,082 - INFO - Received 200 samples
2024-08-02 12:13:36,082 - INFO - Time it takes to pull data: 0.248831 ms
2024-08-02 12:13:36,083 - INFO - Total time since previous plot iteration: 393.39 ms
2024-08-02 12:13:36,083 - INFO - Time delay between first and second subscriber: 2.002716 ms
2024-08-02 12:13:36,127 - INFO - Time it takes to plot data: 0.044030 ms
2024-08-02 12:13:36,468 - INFO - Received 200 samples
2024-08-02 12:13:36,469 - INFO - Time it takes to pull data: 0.258271 ms
2024-08-02 12:13:36,469 - INFO - Total time since previous plot iteration: 385.72 ms
2024-08-02 12:13:36,469 - INFO - Time delay between first and second subscriber: 1.998901 ms
2024-08-02 12:13:36,517 - INFO - Time it takes to plot data: 0.047998 ms
2024-08-02 12:13:36,862 - INFO - Received 200 samples
2024-08-02 12:13:36,862 - INFO - Time it takes to pull data: 0.254173 ms
2024-08-02 12:13:36,863 - INFO - Total time since previous plot iteration: 393.74 ms
2024-08-02 12:13:36,863 - INFO - Time delay between first and second subscriber: 2.001286 ms
2024-08-02 12:13:36,912 - INFO - Time it takes to plot data: 0.049032 ms
2024-08-02 12:13:37,250 - INFO - Received 200 samples
2024-08-02 12:13:37,251 - INFO - Time it takes to pull data: 0.241682 ms
2024-08-02 12:13:37,251 - INFO - Total time since previous plot iteration: 388.76 ms
2024-08-02 12:13:37,251 - INFO - Time delay between first and second subscriber: 2.058983 ms
2024-08-02 12:13:37,303 - INFO - Time it takes to plot data: 0.051597 ms
2024-08-02 12:13:37,644 - INFO - Received 200 samples
2024-08-02 12:13:37,644 - INFO - Time it takes to pull data: 0.242085 ms
2024-08-02 12:13:37,644 - INFO - Total time since previous plot iteration: 392.24 ms
2024-08-02 12:13:37,644 - INFO - Time delay between first and second subscriber: 2.001524 ms
2024-08-02 12:13:37,694 - INFO - Time it takes to plot data: 0.050607 ms
2024-08-02 12:13:38,037 - INFO - Received 200 samples
2024-08-02 12:13:38,038 - INFO - Time it takes to pull data: 0.243963 ms
2024-08-02 12:13:38,038 - INFO - Total time since previous plot iteration: 394.24 ms
2024-08-02 12:13:38,038 - INFO - Time delay between first and second subscriber: 2.011776 ms
2024-08-02 12:13:38,089 - INFO - Time it takes to plot data: 0.051539 ms
2024-08-02 12:13:38,421 - INFO - Received 200 samples
2024-08-02 12:13:38,421 - INFO - Time it takes to pull data: 0.218377 ms
2024-08-02 12:13:38,422 - INFO - Total time since previous plot iteration: 384.38 ms
2024-08-02 12:13:38,422 - INFO - Time delay between first and second subscriber: 1.999855 ms
2024-08-02 12:13:38,472 - INFO - Time it takes to plot data: 0.050246 ms
2024-08-02 12:13:38,816 - INFO - Received 200 samples
2024-08-02 12:13:38,816 - INFO - Time it takes to pull data: 0.241071 ms
2024-08-02 12:13:38,816 - INFO - Total time since previous plot iteration: 393.83 ms
2024-08-02 12:13:38,816 - INFO - Time delay between first and second subscriber: 1.003981 ms
2024-08-02 12:13:38,865 - INFO - Time it takes to plot data: 0.048653 ms
2024-08-02 12:13:39,209 - INFO - Received 200 samples
2024-08-02 12:13:39,209 - INFO - Time it takes to pull data: 0.244474 ms
2024-08-02 12:13:39,209 - INFO - Total time since previous plot iteration: 392.72 ms
2024-08-02 12:13:39,209 - INFO - Time delay between first and second subscriber: 1.966476 ms
2024-08-02 12:13:39,258 - INFO - Time it takes to plot data: 0.049657 ms
2024-08-02 12:13:39,592 - INFO - Received 200 samples
2024-08-02 12:13:39,592 - INFO - Time it takes to pull data: 0.232590 ms
2024-08-02 12:13:39,592 - INFO - Total time since previous plot iteration: 383.82 ms
2024-08-02 12:13:39,592 - INFO - Time delay between first and second subscriber: 1.001358 ms
2024-08-02 12:13:39,642 - INFO - Time it takes to plot data: 0.048075 ms
2024-08-02 12:13:39,988 - INFO - Received 200 samples
2024-08-02 12:13:39,988 - INFO - Time it takes to pull data: 0.246847 ms
2024-08-02 12:13:39,988 - INFO - Total time since previous plot iteration: 395.25 ms
2024-08-02 12:13:39,988 - INFO - Time delay between first and second subscriber: 2.002239 ms
2024-08-02 12:13:40,038 - INFO - Time it takes to plot data: 0.050028 ms
2024-08-02 12:13:40,379 - INFO - Received 200 samples
2024-08-02 12:13:40,379 - INFO - Time it takes to pull data: 0.238569 ms
2024-08-02 12:13:40,379 - INFO - Total time since previous plot iteration: 391.21 ms
2024-08-02 12:13:40,379 - INFO - Time delay between first and second subscriber: 2.001524 ms
2024-08-02 12:13:40,428 - INFO - Time it takes to plot data: 0.049027 ms
2024-08-02 12:13:40,765 - INFO - Received 200 samples
2024-08-02 12:13:40,765 - INFO - Time it takes to pull data: 0.193691 ms
2024-08-02 12:13:40,765 - INFO - Total time since previous plot iteration: 385.94 ms
2024-08-02 12:13:40,765 - INFO - Time delay between first and second subscriber: 1.001835 ms
2024-08-02 12:13:40,813 - INFO - Time it takes to plot data: 0.048030 ms
2024-08-02 12:13:41,158 - INFO - Received 200 samples
2024-08-02 12:13:41,158 - INFO - Time it takes to pull data: 0.243036 ms
2024-08-02 12:13:41,158 - INFO - Total time since previous plot iteration: 392.65 ms
2024-08-02 12:13:41,158 - INFO - Time delay between first and second subscriber: 2.095938 ms
2024-08-02 12:13:41,206 - INFO - Time it takes to plot data: 0.048028 ms
2024-08-02 12:13:41,551 - INFO - Received 200 samples
2024-08-02 12:13:41,552 - INFO - Time it takes to pull data: 0.242780 ms
2024-08-02 12:13:41,552 - INFO - Total time since previous plot iteration: 394.40 ms
2024-08-02 12:13:41,552 - INFO - Time delay between first and second subscriber: 2.004147 ms
2024-08-02 12:13:41,602 - INFO - Time it takes to plot data: 0.049577 ms
2024-08-02 12:13:41,940 - INFO - Received 200 samples
2024-08-02 12:13:41,940 - INFO - Time it takes to pull data: 0.233603 ms
2024-08-02 12:13:41,940 - INFO - Total time since previous plot iteration: 387.79 ms
2024-08-02 12:13:41,940 - INFO - Time delay between first and second subscriber: 1.003265 ms
2024-08-02 12:13:41,989 - INFO - Time it takes to plot data: 0.049560 ms
2024-08-02 12:13:42,329 - INFO - Received 200 samples
2024-08-02 12:13:42,330 - INFO - Time it takes to pull data: 0.238259 ms
2024-08-02 12:13:42,330 - INFO - Total time since previous plot iteration: 390.40 ms
2024-08-02 12:13:42,330 - INFO - Time delay between first and second subscriber: 2.000809 ms
2024-08-02 12:13:42,382 - INFO - Time it takes to plot data: 0.051428 ms
2024-08-02 12:13:42,725 - INFO - Received 200 samples
2024-08-02 12:13:42,725 - INFO - Time it takes to pull data: 0.238353 ms
2024-08-02 12:13:42,725 - INFO - Total time since previous plot iteration: 394.37 ms
2024-08-02 12:13:42,725 - INFO - Time delay between first and second subscriber: 2.003431 ms
2024-08-02 12:13:42,777 - INFO - Time it takes to plot data: 0.052645 ms
2024-08-02 12:13:43,111 - INFO - Received 200 samples
2024-08-02 12:13:43,111 - INFO - Time it takes to pull data: 0.220074 ms
2024-08-02 12:13:43,111 - INFO - Total time since previous plot iteration: 386.85 ms
2024-08-02 12:13:43,112 - INFO - Time delay between first and second subscriber: 2.001286 ms
2024-08-02 12:13:43,162 - INFO - Time it takes to plot data: 0.049572 ms
2024-08-02 12:13:43,503 - INFO - Received 200 samples
2024-08-02 12:13:43,503 - INFO - Time it takes to pull data: 0.239598 ms
2024-08-02 12:13:43,503 - INFO - Total time since previous plot iteration: 391.26 ms
2024-08-02 12:13:43,503 - INFO - Time delay between first and second subscriber: 1.001596 ms
2024-08-02 12:13:43,553 - INFO - Time it takes to plot data: 0.050040 ms
2024-08-02 12:13:43,889 - INFO - Received 200 samples
2024-08-02 12:13:43,890 - INFO - Time it takes to pull data: 0.233986 ms
2024-08-02 12:13:43,890 - INFO - Total time since previous plot iteration: 387.57 ms
2024-08-02 12:13:43,890 - INFO - Time delay between first and second subscriber: 2.000093 ms
2024-08-02 12:13:43,939 - INFO - Time it takes to plot data: 0.048996 ms
2024-08-02 12:13:44,283 - INFO - Received 200 samples
2024-08-02 12:13:44,283 - INFO - Time it takes to pull data: 0.241123 ms
2024-08-02 12:13:44,283 - INFO - Total time since previous plot iteration: 392.67 ms
2024-08-02 12:13:44,283 - INFO - Time delay between first and second subscriber: 0.998259 ms
2024-08-02 12:13:44,332 - INFO - Time it takes to plot data: 0.049032 ms
2024-08-02 12:13:44,673 - INFO - Received 200 samples
2024-08-02 12:13:44,673 - INFO - Time it takes to pull data: 0.232882 ms
2024-08-02 12:13:44,673 - INFO - Total time since previous plot iteration: 390.50 ms
2024-08-02 12:13:44,673 - INFO - Time delay between first and second subscriber: 0.998020 ms
2024-08-02 12:13:44,725 - INFO - Time it takes to plot data: 0.051030 ms
2024-08-02 12:13:45,059 - INFO - Received 200 samples
2024-08-02 12:13:45,059 - INFO - Time it takes to pull data: 0.229852 ms
2024-08-02 12:13:45,059 - INFO - Total time since previous plot iteration: 385.49 ms
2024-08-02 12:13:45,060 - INFO - Time delay between first and second subscriber: 1.002789 ms
2024-08-02 12:13:45,107 - INFO - Time it takes to plot data: 0.046543 ms
2024-08-02 12:13:45,452 - INFO - Received 200 samples
2024-08-02 12:13:45,452 - INFO - Time it takes to pull data: 0.225058 ms
2024-08-02 12:13:45,452 - INFO - Total time since previous plot iteration: 393.19 ms
2024-08-02 12:13:45,452 - INFO - Time delay between first and second subscriber: 2.002954 ms
2024-08-02 12:13:45,545 - INFO - Time it takes to plot data: 0.092512 ms
2024-08-02 12:13:45,846 - INFO - Received 200 samples
2024-08-02 12:13:45,847 - INFO - Time it takes to pull data: 0.191950 ms
2024-08-02 12:13:45,847 - INFO - Total time since previous plot iteration: 395.16 ms
2024-08-02 12:13:45,847 - INFO - Time delay between first and second subscriber: 2.006531 ms
2024-08-02 12:13:45,910 - INFO - Time it takes to plot data: 0.062607 ms
