2024-08-02 12:04:20,096 - INFO - Starting plot with 8 channels
2024-08-02 12:04:20,101 - INFO - Received 100 samples
2024-08-02 12:04:20,101 - INFO - Time it takes to pull data: 0.000000 ms
2024-08-02 12:04:20,101 - INFO - Total time since previous plot iteration: 339.64 ms
2024-08-02 12:04:20,101 - INFO - Time delay between first and second subscriber: 163.903236 ms
2024-08-02 12:04:20,107 - INFO - Time it takes to plot data: 0.006029 ms
2024-08-02 12:04:20,151 - INFO - Received 100 samples
2024-08-02 12:04:20,151 - INFO - Time it takes to pull data: 0.000000 ms
2024-08-02 12:04:20,153 - INFO - Total time since previous plot iteration: 51.83 ms
2024-08-02 12:04:20,153 - INFO - Time delay between first and second subscriber: 130.668879 ms
2024-08-02 12:04:20,162 - INFO - Time it takes to plot data: 0.008483 ms
2024-08-02 12:04:20,274 - INFO - Received 100 samples
2024-08-02 12:04:20,274 - INFO - Time it takes to pull data: 0.000999 ms
2024-08-02 12:04:20,274 - INFO - Total time since previous plot iteration: 120.75 ms
2024-08-02 12:04:20,274 - INFO - Time delay between first and second subscriber: 39.653301 ms
2024-08-02 12:04:20,280 - INFO - Time it takes to plot data: 0.005967 ms
2024-08-02 12:04:20,419 - INFO - Received 100 samples
2024-08-02 12:04:20,419 - INFO - Time it takes to pull data: 0.064511 ms
2024-08-02 12:04:20,419 - INFO - Total time since previous plot iteration: 144.52 ms
2024-08-02 12:04:20,419 - INFO - Time delay between first and second subscriber: 0.994205 ms
2024-08-02 12:04:20,425 - INFO - Time it takes to plot data: 0.006033 ms
2024-08-02 12:04:20,607 - INFO - Received 100 samples
2024-08-02 12:04:20,608 - INFO - Time it takes to pull data: 0.164444 ms
2024-08-02 12:04:20,608 - INFO - Total time since previous plot iteration: 189.45 ms
2024-08-02 12:04:20,608 - INFO - Time delay between first and second subscriber: 0.998259 ms
2024-08-02 12:04:20,614 - INFO - Time it takes to plot data: 0.006006 ms
2024-08-02 12:04:20,809 - INFO - Received 100 samples
2024-08-02 12:04:20,809 - INFO - Time it takes to pull data: 0.181286 ms
2024-08-02 12:04:20,809 - INFO - Total time since previous plot iteration: 201.32 ms
2024-08-02 12:04:20,809 - INFO - Time delay between first and second subscriber: 0.968218 ms
2024-08-02 12:04:20,818 - INFO - Time it takes to plot data: 0.009037 ms
2024-08-02 12:04:21,001 - INFO - Received 100 samples
2024-08-02 12:04:21,001 - INFO - Time it takes to pull data: 0.167291 ms
2024-08-02 12:04:21,001 - INFO - Total time since previous plot iteration: 191.91 ms
2024-08-02 12:04:21,001 - INFO - Time delay between first and second subscriber: 0.996590 ms
2024-08-02 12:04:21,007 - INFO - Time it takes to plot data: 0.006031 ms
2024-08-02 12:04:21,196 - INFO - Received 100 samples
2024-08-02 12:04:21,197 - INFO - Time it takes to pull data: 0.174314 ms
2024-08-02 12:04:21,197 - INFO - Total time since previous plot iteration: 195.32 ms
2024-08-02 12:04:21,197 - INFO - Time delay between first and second subscriber: 1.003981 ms
2024-08-02 12:04:21,207 - INFO - Time it takes to plot data: 0.010032 ms
2024-08-02 12:04:21,395 - INFO - Received 100 samples
2024-08-02 12:04:21,395 - INFO - Time it takes to pull data: 0.166426 ms
2024-08-02 12:04:21,395 - INFO - Total time since previous plot iteration: 198.46 ms
2024-08-02 12:04:21,395 - INFO - Time delay between first and second subscriber: 0.962257 ms
2024-08-02 12:04:21,406 - INFO - Time it takes to plot data: 0.011035 ms
2024-08-02 12:04:21,588 - INFO - Received 100 samples
2024-08-02 12:04:21,588 - INFO - Time it takes to pull data: 0.165432 ms
2024-08-02 12:04:21,588 - INFO - Total time since previous plot iteration: 193.46 ms
2024-08-02 12:04:21,588 - INFO - Time delay between first and second subscriber: 1.001835 ms
2024-08-02 12:04:21,598 - INFO - Time it takes to plot data: 0.009995 ms
2024-08-02 12:04:21,784 - INFO - Received 100 samples
2024-08-02 12:04:21,784 - INFO - Time it takes to pull data: 0.157481 ms
2024-08-02 12:04:21,784 - INFO - Total time since previous plot iteration: 195.51 ms
2024-08-02 12:04:21,785 - INFO - Time delay between first and second subscriber: 0.965118 ms
2024-08-02 12:04:21,795 - INFO - Time it takes to plot data: 0.009037 ms
2024-08-02 12:04:21,981 - INFO - Received 100 samples
2024-08-02 12:04:21,981 - INFO - Time it takes to pull data: 0.156741 ms
2024-08-02 12:04:21,981 - INFO - Total time since previous plot iteration: 196.77 ms
2024-08-02 12:04:21,981 - INFO - Time delay between first and second subscriber: 0.997305 ms
2024-08-02 12:04:21,991 - INFO - Time it takes to plot data: 0.010001 ms
2024-08-02 12:04:22,177 - INFO - Received 100 samples
2024-08-02 12:04:22,177 - INFO - Time it takes to pull data: 0.157767 ms
2024-08-02 12:04:22,177 - INFO - Total time since previous plot iteration: 196.76 ms
2024-08-02 12:04:22,177 - INFO - Time delay between first and second subscriber: 1.005888 ms
2024-08-02 12:04:22,189 - INFO - Time it takes to plot data: 0.011029 ms
2024-08-02 12:04:22,371 - INFO - Received 100 samples
2024-08-02 12:04:22,371 - INFO - Time it takes to pull data: 0.148467 ms
2024-08-02 12:04:22,372 - INFO - Total time since previous plot iteration: 194.51 ms
2024-08-02 12:04:22,372 - INFO - Time delay between first and second subscriber: 1.966000 ms
2024-08-02 12:04:22,383 - INFO - Time it takes to plot data: 0.011003 ms
2024-08-02 12:04:22,567 - INFO - Received 100 samples
2024-08-02 12:04:22,568 - INFO - Time it takes to pull data: 0.161134 ms
2024-08-02 12:04:22,568 - INFO - Total time since previous plot iteration: 196.17 ms
2024-08-02 12:04:22,568 - INFO - Time delay between first and second subscriber: 1.002073 ms
2024-08-02 12:04:22,576 - INFO - Time it takes to plot data: 0.008029 ms
2024-08-02 12:04:22,764 - INFO - Received 100 samples
2024-08-02 12:04:22,764 - INFO - Time it takes to pull data: 0.162346 ms
2024-08-02 12:04:22,764 - INFO - Total time since previous plot iteration: 195.34 ms
2024-08-02 12:04:22,764 - INFO - Time delay between first and second subscriber: 0.969648 ms
2024-08-02 12:04:22,773 - INFO - Time it takes to plot data: 0.009028 ms
2024-08-02 12:04:22,955 - INFO - Received 100 samples
2024-08-02 12:04:22,956 - INFO - Time it takes to pull data: 0.158616 ms
2024-08-02 12:04:22,956 - INFO - Total time since previous plot iteration: 192.63 ms
2024-08-02 12:04:22,956 - INFO - Time delay between first and second subscriber: 1.003504 ms
2024-08-02 12:04:22,967 - INFO - Time it takes to plot data: 0.010619 ms
2024-08-02 12:04:23,157 - INFO - Received 100 samples
2024-08-02 12:04:23,157 - INFO - Time it takes to pull data: 0.157101 ms
2024-08-02 12:04:23,157 - INFO - Total time since previous plot iteration: 200.70 ms
2024-08-02 12:04:23,157 - INFO - Time delay between first and second subscriber: 0.965595 ms
2024-08-02 12:04:23,168 - INFO - Time it takes to plot data: 0.011595 ms
2024-08-02 12:04:23,348 - INFO - Received 100 samples
2024-08-02 12:04:23,348 - INFO - Time it takes to pull data: 0.151853 ms
2024-08-02 12:04:23,348 - INFO - Total time since previous plot iteration: 191.48 ms
2024-08-02 12:04:23,348 - INFO - Time delay between first and second subscriber: 1.006365 ms
2024-08-02 12:04:23,356 - INFO - Time it takes to plot data: 0.008034 ms
2024-08-02 12:04:23,542 - INFO - Received 100 samples
2024-08-02 12:04:23,543 - INFO - Time it takes to pull data: 0.159440 ms
2024-08-02 12:04:23,543 - INFO - Total time since previous plot iteration: 195.01 ms
2024-08-02 12:04:23,543 - INFO - Time delay between first and second subscriber: 1.003981 ms
2024-08-02 12:04:23,554 - INFO - Time it takes to plot data: 0.011075 ms
2024-08-02 12:04:23,742 - INFO - Received 100 samples
2024-08-02 12:04:23,743 - INFO - Time it takes to pull data: 0.155420 ms
2024-08-02 12:04:23,743 - INFO - Total time since previous plot iteration: 200.06 ms
2024-08-02 12:04:23,743 - INFO - Time delay between first and second subscriber: 1.004934 ms
2024-08-02 12:04:23,754 - INFO - Time it takes to plot data: 0.011042 ms
2024-08-02 12:04:23,935 - INFO - Received 100 samples
2024-08-02 12:04:23,935 - INFO - Time it takes to pull data: 0.149649 ms
2024-08-02 12:04:23,935 - INFO - Total time since previous plot iteration: 191.21 ms
2024-08-02 12:04:23,935 - INFO - Time delay between first and second subscriber: 0.969172 ms
2024-08-02 12:04:23,947 - INFO - Time it takes to plot data: 0.012002 ms
2024-08-02 12:04:24,127 - INFO - Received 100 samples
2024-08-02 12:04:24,127 - INFO - Time it takes to pull data: 0.150978 ms
2024-08-02 12:04:24,128 - INFO - Total time since previous plot iteration: 193.60 ms
2024-08-02 12:04:24,128 - INFO - Time delay between first and second subscriber: 1.960516 ms
2024-08-02 12:04:24,138 - INFO - Time it takes to plot data: 0.010062 ms
2024-08-02 12:04:24,320 - INFO - Received 100 samples
2024-08-02 12:04:24,320 - INFO - Time it takes to pull data: 0.147845 ms
2024-08-02 12:04:24,320 - INFO - Total time since previous plot iteration: 191.38 ms
2024-08-02 12:04:24,320 - INFO - Time delay between first and second subscriber: 0.997305 ms
2024-08-02 12:04:24,327 - INFO - Time it takes to plot data: 0.007034 ms
2024-08-02 12:04:24,521 - INFO - Received 100 samples
2024-08-02 12:04:24,521 - INFO - Time it takes to pull data: 0.169616 ms
2024-08-02 12:04:24,521 - INFO - Total time since previous plot iteration: 201.63 ms
2024-08-02 12:04:24,522 - INFO - Time delay between first and second subscriber: 0.968695 ms
2024-08-02 12:04:24,533 - INFO - Time it takes to plot data: 0.011002 ms
2024-08-02 12:04:24,714 - INFO - Received 100 samples
2024-08-02 12:04:24,714 - INFO - Time it takes to pull data: 0.140213 ms
2024-08-02 12:04:24,714 - INFO - Total time since previous plot iteration: 192.32 ms
2024-08-02 12:04:24,715 - INFO - Time delay between first and second subscriber: 0.967264 ms
2024-08-02 12:04:24,726 - INFO - Time it takes to plot data: 0.011084 ms
2024-08-02 12:04:24,909 - INFO - Received 100 samples
2024-08-02 12:04:24,909 - INFO - Time it takes to pull data: 0.155663 ms
2024-08-02 12:04:24,909 - INFO - Total time since previous plot iteration: 195.72 ms
2024-08-02 12:04:24,909 - INFO - Time delay between first and second subscriber: 1.001596 ms
2024-08-02 12:04:24,916 - INFO - Time it takes to plot data: 0.006999 ms
2024-08-02 12:04:25,105 - INFO - Received 100 samples
2024-08-02 12:04:25,105 - INFO - Time it takes to pull data: 0.162068 ms
2024-08-02 12:04:25,105 - INFO - Total time since previous plot iteration: 196.10 ms
2024-08-02 12:04:25,105 - INFO - Time delay between first and second subscriber: 0.945568 ms
2024-08-02 12:04:25,114 - INFO - Time it takes to plot data: 0.009035 ms
2024-08-02 12:04:25,299 - INFO - Received 100 samples
2024-08-02 12:04:25,299 - INFO - Time it takes to pull data: 0.158027 ms
2024-08-02 12:04:25,299 - INFO - Total time since previous plot iteration: 194.03 ms
2024-08-02 12:04:25,299 - INFO - Time delay between first and second subscriber: 0.963211 ms
2024-08-02 12:04:25,310 - INFO - Time it takes to plot data: 0.011035 ms
2024-08-02 12:04:25,499 - INFO - Received 100 samples
2024-08-02 12:04:25,500 - INFO - Time it takes to pull data: 0.149211 ms
2024-08-02 12:04:25,500 - INFO - Total time since previous plot iteration: 200.24 ms
2024-08-02 12:04:25,500 - INFO - Time delay between first and second subscriber: 1.002073 ms
2024-08-02 12:04:25,509 - INFO - Time it takes to plot data: 0.008995 ms
2024-08-02 12:04:25,691 - INFO - Received 100 samples
2024-08-02 12:04:25,692 - INFO - Time it takes to pull data: 0.155396 ms
2024-08-02 12:04:25,692 - INFO - Total time since previous plot iteration: 192.40 ms
2024-08-02 12:04:25,692 - INFO - Time delay between first and second subscriber: 1.001358 ms
2024-08-02 12:04:25,703 - INFO - Time it takes to plot data: 0.011087 ms
2024-08-02 12:04:25,885 - INFO - Received 100 samples
2024-08-02 12:04:25,885 - INFO - Time it takes to pull data: 0.155351 ms
2024-08-02 12:04:25,885 - INFO - Total time since previous plot iteration: 193.40 ms
2024-08-02 12:04:25,885 - INFO - Time delay between first and second subscriber: 0.946045 ms
2024-08-02 12:04:25,894 - INFO - Time it takes to plot data: 0.008999 ms
2024-08-02 12:04:26,084 - INFO - Received 100 samples
2024-08-02 12:04:26,084 - INFO - Time it takes to pull data: 0.161299 ms
2024-08-02 12:04:26,084 - INFO - Total time since previous plot iteration: 198.30 ms
2024-08-02 12:04:26,084 - INFO - Time delay between first and second subscriber: 1.002789 ms
2024-08-02 12:04:26,091 - INFO - Time it takes to plot data: 0.007077 ms
2024-08-02 12:04:26,279 - INFO - Received 100 samples
2024-08-02 12:04:26,279 - INFO - Time it takes to pull data: 0.160006 ms
2024-08-02 12:04:26,279 - INFO - Total time since previous plot iteration: 195.05 ms
2024-08-02 12:04:26,280 - INFO - Time delay between first and second subscriber: 0.965595 ms
2024-08-02 12:04:26,289 - INFO - Time it takes to plot data: 0.009027 ms
2024-08-02 12:04:26,472 - INFO - Received 100 samples
2024-08-02 12:04:26,472 - INFO - Time it takes to pull data: 0.154180 ms
2024-08-02 12:04:26,472 - INFO - Total time since previous plot iteration: 193.23 ms
2024-08-02 12:04:26,472 - INFO - Time delay between first and second subscriber: 1.003265 ms
2024-08-02 12:04:26,481 - INFO - Time it takes to plot data: 0.009027 ms
2024-08-02 12:04:26,671 - INFO - Received 100 samples
2024-08-02 12:04:26,671 - INFO - Time it takes to pull data: 0.164231 ms
2024-08-02 12:04:26,671 - INFO - Total time since previous plot iteration: 199.23 ms
2024-08-02 12:04:26,671 - INFO - Time delay between first and second subscriber: 0.962973 ms
2024-08-02 12:04:26,682 - INFO - Time it takes to plot data: 0.011093 ms
2024-08-02 12:04:26,865 - INFO - Received 100 samples
2024-08-02 12:04:26,865 - INFO - Time it takes to pull data: 0.147561 ms
2024-08-02 12:04:26,865 - INFO - Total time since previous plot iteration: 193.62 ms
2024-08-02 12:04:26,865 - INFO - Time delay between first and second subscriber: 0.999451 ms
2024-08-02 12:04:26,872 - INFO - Time it takes to plot data: 0.007547 ms
2024-08-02 12:04:27,060 - INFO - Received 100 samples
2024-08-02 12:04:27,060 - INFO - Time it takes to pull data: 0.158518 ms
2024-08-02 12:04:27,060 - INFO - Total time since previous plot iteration: 195.04 ms
2024-08-02 12:04:27,060 - INFO - Time delay between first and second subscriber: 0.957012 ms
2024-08-02 12:04:27,071 - INFO - Time it takes to plot data: 0.011553 ms
2024-08-02 12:04:27,252 - INFO - Received 100 samples
2024-08-02 12:04:27,252 - INFO - Time it takes to pull data: 0.141469 ms
2024-08-02 12:04:27,252 - INFO - Total time since previous plot iteration: 191.99 ms
2024-08-02 12:04:27,253 - INFO - Time delay between first and second subscriber: 0.969648 ms
2024-08-02 12:04:27,264 - INFO - Time it takes to plot data: 0.011036 ms
2024-08-02 12:04:27,450 - INFO - Received 100 samples
2024-08-02 12:04:27,450 - INFO - Time it takes to pull data: 0.156992 ms
2024-08-02 12:04:27,450 - INFO - Total time since previous plot iteration: 198.55 ms
2024-08-02 12:04:27,450 - INFO - Time delay between first and second subscriber: 0.999928 ms
2024-08-02 12:04:27,462 - INFO - Time it takes to plot data: 0.011078 ms
2024-08-02 12:04:27,643 - INFO - Received 100 samples
2024-08-02 12:04:27,643 - INFO - Time it takes to pull data: 0.139777 ms
2024-08-02 12:04:27,643 - INFO - Total time since previous plot iteration: 192.35 ms
2024-08-02 12:04:27,643 - INFO - Time delay between first and second subscriber: 0.969172 ms
2024-08-02 12:04:27,651 - INFO - Time it takes to plot data: 0.008002 ms
2024-08-02 12:04:27,838 - INFO - Received 100 samples
2024-08-02 12:04:27,838 - INFO - Time it takes to pull data: 0.153547 ms
2024-08-02 12:04:27,838 - INFO - Total time since previous plot iteration: 194.82 ms
2024-08-02 12:04:27,838 - INFO - Time delay between first and second subscriber: 0.995636 ms
2024-08-02 12:04:27,846 - INFO - Time it takes to plot data: 0.007031 ms
2024-08-02 12:04:28,035 - INFO - Received 100 samples
2024-08-02 12:04:28,036 - INFO - Time it takes to pull data: 0.160497 ms
2024-08-02 12:04:28,036 - INFO - Total time since previous plot iteration: 198.08 ms
2024-08-02 12:04:28,036 - INFO - Time delay between first and second subscriber: 0.999451 ms
2024-08-02 12:04:28,045 - INFO - Time it takes to plot data: 0.009037 ms
2024-08-02 12:04:28,229 - INFO - Received 100 samples
2024-08-02 12:04:28,229 - INFO - Time it takes to pull data: 0.156907 ms
2024-08-02 12:04:28,229 - INFO - Total time since previous plot iteration: 193.50 ms
2024-08-02 12:04:28,229 - INFO - Time delay between first and second subscriber: 0.971317 ms
2024-08-02 12:04:28,237 - INFO - Time it takes to plot data: 0.008032 ms
2024-08-02 12:04:28,424 - INFO - Received 100 samples
2024-08-02 12:04:28,425 - INFO - Time it takes to pull data: 0.157414 ms
2024-08-02 12:04:28,425 - INFO - Total time since previous plot iteration: 195.44 ms
2024-08-02 12:04:28,425 - INFO - Time delay between first and second subscriber: 0.953197 ms
2024-08-02 12:04:28,436 - INFO - Time it takes to plot data: 0.011032 ms
2024-08-02 12:04:28,624 - INFO - Received 100 samples
2024-08-02 12:04:28,624 - INFO - Time it takes to pull data: 0.157512 ms
2024-08-02 12:04:28,624 - INFO - Total time since previous plot iteration: 199.51 ms
2024-08-02 12:04:28,624 - INFO - Time delay between first and second subscriber: 0.964880 ms
2024-08-02 12:04:28,635 - INFO - Time it takes to plot data: 0.011036 ms
2024-08-02 12:04:28,817 - INFO - Received 100 samples
2024-08-02 12:04:28,817 - INFO - Time it takes to pull data: 0.152005 ms
2024-08-02 12:04:28,818 - INFO - Total time since previous plot iteration: 194.05 ms
2024-08-02 12:04:28,818 - INFO - Time delay between first and second subscriber: 1.969576 ms
2024-08-02 12:04:28,826 - INFO - Time it takes to plot data: 0.008029 ms
2024-08-02 12:04:29,009 - INFO - Received 100 samples
2024-08-02 12:04:29,009 - INFO - Time it takes to pull data: 0.156188 ms
2024-08-02 12:04:29,009 - INFO - Total time since previous plot iteration: 191.15 ms
2024-08-02 12:04:29,009 - INFO - Time delay between first and second subscriber: 0.965357 ms
2024-08-02 12:04:29,016 - INFO - Time it takes to plot data: 0.007031 ms
2024-08-02 12:04:29,216 - INFO - Received 100 samples
2024-08-02 12:04:29,216 - INFO - Time it takes to pull data: 0.171468 ms
2024-08-02 12:04:29,216 - INFO - Total time since previous plot iteration: 206.50 ms
2024-08-02 12:04:29,216 - INFO - Time delay between first and second subscriber: 5.995035 ms
2024-08-02 12:04:29,224 - INFO - Time it takes to plot data: 0.008000 ms
