2024-08-02 12:03:50,186 - INFO - Starting plot with 4 channels
2024-08-02 12:03:50,190 - INFO - Received 100 samples
2024-08-02 12:03:50,190 - INFO - Time it takes to pull data: 0.000000 ms
2024-08-02 12:03:50,190 - INFO - Total time since previous plot iteration: 373.40 ms
2024-08-02 12:03:50,190 - INFO - Time delay between first and second subscriber: 156.863689 ms
2024-08-02 12:03:50,194 - INFO - Time it takes to plot data: 0.004005 ms
2024-08-02 12:03:50,235 - INFO - Received 100 samples
2024-08-02 12:03:50,235 - INFO - Time it takes to pull data: 0.000000 ms
2024-08-02 12:03:50,236 - INFO - Total time since previous plot iteration: 46.09 ms
2024-08-02 12:03:50,236 - INFO - Time delay between first and second subscriber: 93.785524 ms
2024-08-02 12:03:50,239 - INFO - Time it takes to plot data: 0.003049 ms
2024-08-02 12:03:50,338 - INFO - Received 100 samples
2024-08-02 12:03:50,338 - INFO - Time it takes to pull data: 0.009892 ms
2024-08-02 12:03:50,338 - INFO - Total time since previous plot iteration: 102.19 ms
2024-08-02 12:03:50,339 - INFO - Time delay between first and second subscriber: 0.000000 ms
2024-08-02 12:03:50,342 - INFO - Time it takes to plot data: 0.003031 ms
2024-08-02 12:03:50,539 - INFO - Received 100 samples
2024-08-02 12:03:50,539 - INFO - Time it takes to pull data: 0.138572 ms
2024-08-02 12:03:50,539 - INFO - Total time since previous plot iteration: 200.60 ms
2024-08-02 12:03:50,539 - INFO - Time delay between first and second subscriber: 1.002789 ms
2024-08-02 12:03:50,543 - INFO - Time it takes to plot data: 0.003998 ms
2024-08-02 12:03:50,734 - INFO - Received 100 samples
2024-08-02 12:03:50,734 - INFO - Time it takes to pull data: 0.179265 ms
2024-08-02 12:03:50,734 - INFO - Total time since previous plot iteration: 195.26 ms
2024-08-02 12:03:50,734 - INFO - Time delay between first and second subscriber: 0.999689 ms
2024-08-02 12:03:50,740 - INFO - Time it takes to plot data: 0.006033 ms
2024-08-02 12:03:50,925 - INFO - Received 100 samples
2024-08-02 12:03:50,925 - INFO - Time it takes to pull data: 0.168280 ms
2024-08-02 12:03:50,925 - INFO - Total time since previous plot iteration: 191.28 ms
2024-08-02 12:03:50,925 - INFO - Time delay between first and second subscriber: 0.998974 ms
2024-08-02 12:03:50,930 - INFO - Time it takes to plot data: 0.005040 ms
2024-08-02 12:03:51,125 - INFO - Received 100 samples
2024-08-02 12:03:51,125 - INFO - Time it takes to pull data: 0.179487 ms
2024-08-02 12:03:51,126 - INFO - Total time since previous plot iteration: 200.53 ms
2024-08-02 12:03:51,126 - INFO - Time delay between first and second subscriber: 1.968622 ms
2024-08-02 12:03:51,131 - INFO - Time it takes to plot data: 0.005033 ms
2024-08-02 12:03:51,319 - INFO - Received 100 samples
2024-08-02 12:03:51,319 - INFO - Time it takes to pull data: 0.168262 ms
2024-08-02 12:03:51,320 - INFO - Total time since previous plot iteration: 194.26 ms
2024-08-02 12:03:51,320 - INFO - Time delay between first and second subscriber: 1.965761 ms
2024-08-02 12:03:51,325 - INFO - Time it takes to plot data: 0.005000 ms
2024-08-02 12:03:51,511 - INFO - Received 100 samples
2024-08-02 12:03:51,511 - INFO - Time it takes to pull data: 0.167390 ms
2024-08-02 12:03:51,512 - INFO - Total time since previous plot iteration: 191.42 ms
2024-08-02 12:03:51,512 - INFO - Time delay between first and second subscriber: 1.967192 ms
2024-08-02 12:03:51,517 - INFO - Time it takes to plot data: 0.005600 ms
2024-08-02 12:03:51,709 - INFO - Received 100 samples
2024-08-02 12:03:51,709 - INFO - Time it takes to pull data: 0.174329 ms
2024-08-02 12:03:51,709 - INFO - Total time since previous plot iteration: 196.92 ms
2024-08-02 12:03:51,709 - INFO - Time delay between first and second subscriber: 1.000881 ms
2024-08-02 12:03:51,712 - INFO - Time it takes to plot data: 0.002999 ms
2024-08-02 12:03:51,903 - INFO - Received 100 samples
2024-08-02 12:03:51,904 - INFO - Time it takes to pull data: 0.177329 ms
2024-08-02 12:03:51,904 - INFO - Total time since previous plot iteration: 195.84 ms
2024-08-02 12:03:51,904 - INFO - Time delay between first and second subscriber: 0.999689 ms
2024-08-02 12:03:51,910 - INFO - Time it takes to plot data: 0.006038 ms
2024-08-02 12:03:52,095 - INFO - Received 100 samples
2024-08-02 12:03:52,095 - INFO - Time it takes to pull data: 0.163917 ms
2024-08-02 12:03:52,095 - INFO - Total time since previous plot iteration: 190.43 ms
2024-08-02 12:03:52,095 - INFO - Time delay between first and second subscriber: 1.001835 ms
2024-08-02 12:03:52,100 - INFO - Time it takes to plot data: 0.005006 ms
2024-08-02 12:03:52,295 - INFO - Received 100 samples
2024-08-02 12:03:52,295 - INFO - Time it takes to pull data: 0.178872 ms
2024-08-02 12:03:52,296 - INFO - Total time since previous plot iteration: 201.39 ms
2024-08-02 12:03:52,296 - INFO - Time delay between first and second subscriber: 1.003027 ms
2024-08-02 12:03:52,302 - INFO - Time it takes to plot data: 0.006080 ms
2024-08-02 12:03:52,488 - INFO - Received 100 samples
2024-08-02 12:03:52,488 - INFO - Time it takes to pull data: 0.166451 ms
2024-08-02 12:03:52,488 - INFO - Total time since previous plot iteration: 192.07 ms
2024-08-02 12:03:52,488 - INFO - Time delay between first and second subscriber: 0.965118 ms
2024-08-02 12:03:52,494 - INFO - Time it takes to plot data: 0.006038 ms
2024-08-02 12:03:52,680 - INFO - Received 100 samples
2024-08-02 12:03:52,680 - INFO - Time it takes to pull data: 0.163406 ms
2024-08-02 12:03:52,680 - INFO - Total time since previous plot iteration: 192.04 ms
2024-08-02 12:03:52,681 - INFO - Time delay between first and second subscriber: 0.964403 ms
2024-08-02 12:03:52,687 - INFO - Time it takes to plot data: 0.006038 ms
2024-08-02 12:03:52,883 - INFO - Received 100 samples
2024-08-02 12:03:52,883 - INFO - Time it takes to pull data: 0.166975 ms
2024-08-02 12:03:52,883 - INFO - Total time since previous plot iteration: 202.64 ms
2024-08-02 12:03:52,883 - INFO - Time delay between first and second subscriber: 0.991821 ms
2024-08-02 12:03:52,889 - INFO - Time it takes to plot data: 0.006030 ms
2024-08-02 12:03:53,074 - INFO - Received 100 samples
2024-08-02 12:03:53,074 - INFO - Time it takes to pull data: 0.163787 ms
2024-08-02 12:03:53,074 - INFO - Total time since previous plot iteration: 190.76 ms
2024-08-02 12:03:53,074 - INFO - Time delay between first and second subscriber: 0.967741 ms
2024-08-02 12:03:53,079 - INFO - Time it takes to plot data: 0.005034 ms
2024-08-02 12:03:53,270 - INFO - Received 100 samples
2024-08-02 12:03:53,270 - INFO - Time it takes to pull data: 0.172507 ms
2024-08-02 12:03:53,270 - INFO - Total time since previous plot iteration: 196.51 ms
2024-08-02 12:03:53,270 - INFO - Time delay between first and second subscriber: 0.000000 ms
2024-08-02 12:03:53,275 - INFO - Time it takes to plot data: 0.004032 ms
2024-08-02 12:03:53,467 - INFO - Received 100 samples
2024-08-02 12:03:53,467 - INFO - Time it takes to pull data: 0.169556 ms
2024-08-02 12:03:53,468 - INFO - Total time since previous plot iteration: 197.56 ms
2024-08-02 12:03:53,468 - INFO - Time delay between first and second subscriber: 1.002789 ms
2024-08-02 12:03:53,474 - INFO - Time it takes to plot data: 0.006031 ms
2024-08-02 12:03:53,662 - INFO - Received 100 samples
2024-08-02 12:03:53,662 - INFO - Time it takes to pull data: 0.166246 ms
2024-08-02 12:03:53,662 - INFO - Total time since previous plot iteration: 194.24 ms
2024-08-02 12:03:53,662 - INFO - Time delay between first and second subscriber: 0.966072 ms
2024-08-02 12:03:53,668 - INFO - Time it takes to plot data: 0.006031 ms
2024-08-02 12:03:53,856 - INFO - Received 100 samples
2024-08-02 12:03:53,856 - INFO - Time it takes to pull data: 0.164197 ms
2024-08-02 12:03:53,857 - INFO - Total time since previous plot iteration: 195.25 ms
2024-08-02 12:03:53,857 - INFO - Time delay between first and second subscriber: 1.967907 ms
2024-08-02 12:03:53,863 - INFO - Time it takes to plot data: 0.006031 ms
2024-08-02 12:03:54,049 - INFO - Received 100 samples
2024-08-02 12:03:54,049 - INFO - Time it takes to pull data: 0.161332 ms
2024-08-02 12:03:54,050 - INFO - Total time since previous plot iteration: 192.33 ms
2024-08-02 12:03:54,050 - INFO - Time delay between first and second subscriber: 1.963854 ms
2024-08-02 12:03:54,056 - INFO - Time it takes to plot data: 0.006036 ms
2024-08-02 12:03:54,251 - INFO - Received 100 samples
2024-08-02 12:03:54,251 - INFO - Time it takes to pull data: 0.165095 ms
2024-08-02 12:03:54,251 - INFO - Total time since previous plot iteration: 201.09 ms
2024-08-02 12:03:54,251 - INFO - Time delay between first and second subscriber: 0.967026 ms
2024-08-02 12:03:54,257 - INFO - Time it takes to plot data: 0.006033 ms
2024-08-02 12:03:54,443 - INFO - Received 100 samples
2024-08-02 12:03:54,443 - INFO - Time it takes to pull data: 0.163211 ms
2024-08-02 12:03:54,444 - INFO - Total time since previous plot iteration: 193.20 ms
2024-08-02 12:03:54,444 - INFO - Time delay between first and second subscriber: 0.998259 ms
2024-08-02 12:03:54,450 - INFO - Time it takes to plot data: 0.006036 ms
2024-08-02 12:03:54,634 - INFO - Received 100 samples
2024-08-02 12:03:54,634 - INFO - Time it takes to pull data: 0.161270 ms
2024-08-02 12:03:54,635 - INFO - Total time since previous plot iteration: 191.27 ms
2024-08-02 12:03:54,635 - INFO - Time delay between first and second subscriber: 1.963377 ms
2024-08-02 12:03:54,641 - INFO - Time it takes to plot data: 0.006034 ms
2024-08-02 12:03:54,836 - INFO - Received 100 samples
2024-08-02 12:03:54,836 - INFO - Time it takes to pull data: 0.166516 ms
2024-08-02 12:03:54,837 - INFO - Total time since previous plot iteration: 201.54 ms
2024-08-02 12:03:54,837 - INFO - Time delay between first and second subscriber: 1.962662 ms
2024-08-02 12:03:54,843 - INFO - Time it takes to plot data: 0.006036 ms
2024-08-02 12:03:55,026 - INFO - Received 100 samples
2024-08-02 12:03:55,027 - INFO - Time it takes to pull data: 0.154501 ms
2024-08-02 12:03:55,027 - INFO - Total time since previous plot iteration: 190.50 ms
2024-08-02 12:03:55,027 - INFO - Time delay between first and second subscriber: 0.967026 ms
2024-08-02 12:03:55,032 - INFO - Time it takes to plot data: 0.005029 ms
2024-08-02 12:03:55,222 - INFO - Received 100 samples
2024-08-02 12:03:55,222 - INFO - Time it takes to pull data: 0.165287 ms
2024-08-02 12:03:55,222 - INFO - Total time since previous plot iteration: 194.30 ms
2024-08-02 12:03:55,222 - INFO - Time delay between first and second subscriber: 0.962973 ms
2024-08-02 12:03:55,228 - INFO - Time it takes to plot data: 0.006034 ms
2024-08-02 12:03:55,423 - INFO - Received 100 samples
2024-08-02 12:03:55,423 - INFO - Time it takes to pull data: 0.172006 ms
2024-08-02 12:03:55,423 - INFO - Total time since previous plot iteration: 201.02 ms
2024-08-02 12:03:55,423 - INFO - Time delay between first and second subscriber: 0.964880 ms
2024-08-02 12:03:55,429 - INFO - Time it takes to plot data: 0.006039 ms
2024-08-02 12:03:55,614 - INFO - Received 100 samples
2024-08-02 12:03:55,615 - INFO - Time it takes to pull data: 0.159179 ms
2024-08-02 12:03:55,615 - INFO - Total time since previous plot iteration: 192.18 ms
2024-08-02 12:03:55,615 - INFO - Time delay between first and second subscriber: 1.000404 ms
2024-08-02 12:03:55,621 - INFO - Time it takes to plot data: 0.006583 ms
2024-08-02 12:03:55,806 - INFO - Received 100 samples
2024-08-02 12:03:55,807 - INFO - Time it takes to pull data: 0.152539 ms
2024-08-02 12:03:55,807 - INFO - Total time since previous plot iteration: 192.14 ms
2024-08-02 12:03:55,807 - INFO - Time delay between first and second subscriber: 2.009869 ms
2024-08-02 12:03:55,815 - INFO - Time it takes to plot data: 0.007999 ms
2024-08-02 12:03:56,005 - INFO - Received 100 samples
2024-08-02 12:03:56,006 - INFO - Time it takes to pull data: 0.158541 ms
2024-08-02 12:03:56,006 - INFO - Total time since previous plot iteration: 199.04 ms
2024-08-02 12:03:56,006 - INFO - Time delay between first and second subscriber: 0.980616 ms
2024-08-02 12:03:56,011 - INFO - Time it takes to plot data: 0.005004 ms
2024-08-02 12:03:56,201 - INFO - Received 100 samples
2024-08-02 12:03:56,201 - INFO - Time it takes to pull data: 0.163218 ms
2024-08-02 12:03:56,202 - INFO - Total time since previous plot iteration: 195.74 ms
2024-08-02 12:03:56,202 - INFO - Time delay between first and second subscriber: 1.965761 ms
2024-08-02 12:03:56,208 - INFO - Time it takes to plot data: 0.006085 ms
2024-08-02 12:03:56,392 - INFO - Received 100 samples
2024-08-02 12:03:56,392 - INFO - Time it takes to pull data: 0.156495 ms
2024-08-02 12:03:56,393 - INFO - Total time since previous plot iteration: 191.13 ms
2024-08-02 12:03:56,393 - INFO - Time delay between first and second subscriber: 1.967430 ms
2024-08-02 12:03:56,399 - INFO - Time it takes to plot data: 0.006035 ms
2024-08-02 12:03:56,593 - INFO - Received 100 samples
2024-08-02 12:03:56,593 - INFO - Time it takes to pull data: 0.159939 ms
2024-08-02 12:03:56,593 - INFO - Total time since previous plot iteration: 200.33 ms
2024-08-02 12:03:56,593 - INFO - Time delay between first and second subscriber: 0.967503 ms
2024-08-02 12:03:56,599 - INFO - Time it takes to plot data: 0.006029 ms
2024-08-02 12:03:56,785 - INFO - Received 100 samples
2024-08-02 12:03:56,786 - INFO - Time it takes to pull data: 0.163202 ms
2024-08-02 12:03:56,786 - INFO - Total time since previous plot iteration: 193.24 ms
2024-08-02 12:03:56,786 - INFO - Time delay between first and second subscriber: 0.997543 ms
2024-08-02 12:03:56,792 - INFO - Time it takes to plot data: 0.006033 ms
2024-08-02 12:03:56,977 - INFO - Received 100 samples
2024-08-02 12:03:56,977 - INFO - Time it takes to pull data: 0.162142 ms
2024-08-02 12:03:56,977 - INFO - Total time since previous plot iteration: 191.15 ms
2024-08-02 12:03:56,977 - INFO - Time delay between first and second subscriber: 0.957727 ms
2024-08-02 12:03:56,984 - INFO - Time it takes to plot data: 0.006035 ms
2024-08-02 12:03:57,177 - INFO - Received 100 samples
2024-08-02 12:03:57,177 - INFO - Time it takes to pull data: 0.170906 ms
2024-08-02 12:03:57,177 - INFO - Total time since previous plot iteration: 199.91 ms
2024-08-02 12:03:57,177 - INFO - Time delay between first and second subscriber: 0.965118 ms
2024-08-02 12:03:57,182 - INFO - Time it takes to plot data: 0.005036 ms
2024-08-02 12:03:57,370 - INFO - Received 100 samples
2024-08-02 12:03:57,370 - INFO - Time it takes to pull data: 0.166779 ms
2024-08-02 12:03:57,371 - INFO - Total time since previous plot iteration: 193.78 ms
2024-08-02 12:03:57,371 - INFO - Time delay between first and second subscriber: 1.002312 ms
2024-08-02 12:03:57,377 - INFO - Time it takes to plot data: 0.006036 ms
2024-08-02 12:03:57,564 - INFO - Received 100 samples
2024-08-02 12:03:57,565 - INFO - Time it takes to pull data: 0.152577 ms
2024-08-02 12:03:57,565 - INFO - Total time since previous plot iteration: 193.62 ms
2024-08-02 12:03:57,565 - INFO - Time delay between first and second subscriber: 0.998259 ms
2024-08-02 12:03:57,571 - INFO - Time it takes to plot data: 0.006038 ms
2024-08-02 12:03:57,764 - INFO - Received 100 samples
2024-08-02 12:03:57,764 - INFO - Time it takes to pull data: 0.171412 ms
2024-08-02 12:03:57,764 - INFO - Total time since previous plot iteration: 199.41 ms
2024-08-02 12:03:57,764 - INFO - Time delay between first and second subscriber: 0.962973 ms
2024-08-02 12:03:57,770 - INFO - Time it takes to plot data: 0.006000 ms
2024-08-02 12:03:57,956 - INFO - Received 100 samples
2024-08-02 12:03:57,956 - INFO - Time it takes to pull data: 0.164591 ms
2024-08-02 12:03:57,956 - INFO - Total time since previous plot iteration: 191.59 ms
2024-08-02 12:03:57,956 - INFO - Time delay between first and second subscriber: 0.966072 ms
2024-08-02 12:03:57,960 - INFO - Time it takes to plot data: 0.004034 ms
2024-08-02 12:03:58,153 - INFO - Received 100 samples
2024-08-02 12:03:58,154 - INFO - Time it takes to pull data: 0.171587 ms
2024-08-02 12:03:58,154 - INFO - Total time since previous plot iteration: 198.59 ms
2024-08-02 12:03:58,154 - INFO - Time delay between first and second subscriber: 0.998259 ms
2024-08-02 12:03:58,160 - INFO - Time it takes to plot data: 0.006042 ms
2024-08-02 12:03:58,349 - INFO - Received 100 samples
2024-08-02 12:03:58,349 - INFO - Time it takes to pull data: 0.162660 ms
2024-08-02 12:03:58,350 - INFO - Total time since previous plot iteration: 195.66 ms
2024-08-02 12:03:58,350 - INFO - Time delay between first and second subscriber: 1.000404 ms
2024-08-02 12:03:58,356 - INFO - Time it takes to plot data: 0.006037 ms
2024-08-02 12:03:58,545 - INFO - Received 100 samples
2024-08-02 12:03:58,546 - INFO - Time it takes to pull data: 0.160483 ms
2024-08-02 12:03:58,546 - INFO - Total time since previous plot iteration: 195.48 ms
2024-08-02 12:03:58,546 - INFO - Time delay between first and second subscriber: 0.995636 ms
2024-08-02 12:03:58,552 - INFO - Time it takes to plot data: 0.006035 ms
2024-08-02 12:03:58,738 - INFO - Received 100 samples
2024-08-02 12:03:58,738 - INFO - Time it takes to pull data: 0.153560 ms
2024-08-02 12:03:58,739 - INFO - Total time since previous plot iteration: 193.56 ms
2024-08-02 12:03:58,739 - INFO - Time delay between first and second subscriber: 1.961231 ms
2024-08-02 12:03:58,745 - INFO - Time it takes to plot data: 0.006098 ms
2024-08-02 12:03:58,938 - INFO - Received 100 samples
2024-08-02 12:03:58,938 - INFO - Time it takes to pull data: 0.169474 ms
2024-08-02 12:03:58,938 - INFO - Total time since previous plot iteration: 198.53 ms
2024-08-02 12:03:58,938 - INFO - Time delay between first and second subscriber: 0.962973 ms
2024-08-02 12:03:58,947 - INFO - Time it takes to plot data: 0.009001 ms
2024-08-02 12:03:59,128 - INFO - Received 100 samples
2024-08-02 12:03:59,128 - INFO - Time it takes to pull data: 0.149216 ms
2024-08-02 12:03:59,128 - INFO - Total time since previous plot iteration: 190.25 ms
2024-08-02 12:03:59,129 - INFO - Time delay between first and second subscriber: 0.000000 ms
2024-08-02 12:03:59,132 - INFO - Time it takes to plot data: 0.003033 ms
2024-08-02 12:03:59,324 - INFO - Received 100 samples
2024-08-02 12:03:59,324 - INFO - Time it takes to pull data: 0.169649 ms
2024-08-02 12:03:59,325 - INFO - Total time since previous plot iteration: 196.83 ms
2024-08-02 12:03:59,325 - INFO - Time delay between first and second subscriber: 1.003265 ms
2024-08-02 12:03:59,331 - INFO - Time it takes to plot data: 0.006587 ms
2024-08-02 12:03:59,515 - INFO - Received 100 samples
2024-08-02 12:03:59,516 - INFO - Time it takes to pull data: 0.158435 ms
2024-08-02 12:03:59,516 - INFO - Total time since previous plot iteration: 191.02 ms
2024-08-02 12:03:59,516 - INFO - Time delay between first and second subscriber: 1.001358 ms
2024-08-02 12:03:59,522 - INFO - Time it takes to plot data: 0.006000 ms
2024-08-02 12:03:59,716 - INFO - Received 100 samples
2024-08-02 12:03:59,716 - INFO - Time it takes to pull data: 0.167988 ms
2024-08-02 12:03:59,716 - INFO - Total time since previous plot iteration: 200.20 ms
2024-08-02 12:03:59,716 - INFO - Time delay between first and second subscriber: 0.000000 ms
2024-08-02 12:03:59,721 - INFO - Time it takes to plot data: 0.004985 ms
2024-08-02 12:03:59,910 - INFO - Received 100 samples
2024-08-02 12:03:59,910 - INFO - Time it takes to pull data: 0.166034 ms
2024-08-02 12:03:59,910 - INFO - Total time since previous plot iteration: 193.61 ms
2024-08-02 12:03:59,910 - INFO - Time delay between first and second subscriber: 0.962257 ms
2024-08-02 12:03:59,917 - INFO - Time it takes to plot data: 0.007081 ms
2024-08-02 12:04:00,103 - INFO - Received 100 samples
2024-08-02 12:04:00,103 - INFO - Time it takes to pull data: 0.161031 ms
2024-08-02 12:04:00,103 - INFO - Total time since previous plot iteration: 193.69 ms
2024-08-02 12:04:00,103 - INFO - Time delay between first and second subscriber: 3.967524 ms
2024-08-02 12:04:00,107 - INFO - Time it takes to plot data: 0.003997 ms
