2024-08-02 12:05:33,798 - INFO - Starting plot with 32 channels
2024-08-02 12:05:33,810 - INFO - Received 100 samples
2024-08-02 12:05:33,810 - INFO - Time it takes to pull data: 0.000000 ms
2024-08-02 12:05:33,810 - INFO - Total time since previous plot iteration: 519.31 ms
2024-08-02 12:05:33,810 - INFO - Time delay between first and second subscriber: 164.599419 ms
2024-08-02 12:05:33,836 - INFO - Time it takes to plot data: 0.026009 ms
2024-08-02 12:05:33,887 - INFO - Received 100 samples
2024-08-02 12:05:33,889 - INFO - Time it takes to pull data: 0.000000 ms
2024-08-02 12:05:33,890 - INFO - Total time since previous plot iteration: 79.53 ms
2024-08-02 12:05:33,890 - INFO - Time delay between first and second subscriber: 235.118389 ms
2024-08-02 12:05:33,911 - INFO - Time it takes to plot data: 0.021033 ms
2024-08-02 12:05:34,091 - INFO - Received 100 samples
2024-08-02 12:05:34,091 - INFO - Time it takes to pull data: 0.000000 ms
2024-08-02 12:05:34,091 - INFO - Total time since previous plot iteration: 201.18 ms
2024-08-02 12:05:34,091 - INFO - Time delay between first and second subscriber: 235.664368 ms
2024-08-02 12:05:34,110 - INFO - Time it takes to plot data: 0.019002 ms
2024-08-02 12:05:34,259 - INFO - Received 100 samples
2024-08-02 12:05:34,259 - INFO - Time it takes to pull data: 0.000998 ms
2024-08-02 12:05:34,259 - INFO - Total time since previous plot iteration: 168.55 ms
2024-08-02 12:05:34,259 - INFO - Time delay between first and second subscriber: 213.169813 ms
2024-08-02 12:05:34,282 - INFO - Time it takes to plot data: 0.021182 ms
2024-08-02 12:05:34,308 - INFO - Received 100 samples
2024-08-02 12:05:34,308 - INFO - Time it takes to pull data: 0.000000 ms
2024-08-02 12:05:34,308 - INFO - Total time since previous plot iteration: 48.18 ms
2024-08-02 12:05:34,308 - INFO - Time delay between first and second subscriber: 67.197084 ms
2024-08-02 12:05:34,329 - INFO - Time it takes to plot data: 0.020999 ms
2024-08-02 12:05:34,440 - INFO - Received 100 samples
2024-08-02 12:05:34,441 - INFO - Time it takes to pull data: 0.082063 ms
2024-08-02 12:05:34,441 - INFO - Total time since previous plot iteration: 133.07 ms
2024-08-02 12:05:34,441 - INFO - Time delay between first and second subscriber: 1.000166 ms
2024-08-02 12:05:34,462 - INFO - Time it takes to plot data: 0.021049 ms
2024-08-02 12:05:34,637 - INFO - Received 100 samples
2024-08-02 12:05:34,638 - INFO - Time it takes to pull data: 0.150259 ms
2024-08-02 12:05:34,638 - INFO - Total time since previous plot iteration: 197.52 ms
2024-08-02 12:05:34,638 - INFO - Time delay between first and second subscriber: 1.004934 ms
2024-08-02 12:05:34,663 - INFO - Time it takes to plot data: 0.025046 ms
2024-08-02 12:05:34,834 - INFO - Received 100 samples
2024-08-02 12:05:34,834 - INFO - Time it takes to pull data: 0.140371 ms
2024-08-02 12:05:34,835 - INFO - Total time since previous plot iteration: 196.55 ms
2024-08-02 12:05:34,835 - INFO - Time delay between first and second subscriber: 2.003670 ms
2024-08-02 12:05:34,856 - INFO - Time it takes to plot data: 0.021042 ms
2024-08-02 12:05:35,030 - INFO - Received 100 samples
2024-08-02 12:05:35,031 - INFO - Time it takes to pull data: 0.142787 ms
2024-08-02 12:05:35,031 - INFO - Total time since previous plot iteration: 196.40 ms
2024-08-02 12:05:35,031 - INFO - Time delay between first and second subscriber: 1.002312 ms
2024-08-02 12:05:35,062 - INFO - Time it takes to plot data: 0.031009 ms
2024-08-02 12:05:35,223 - INFO - Received 100 samples
2024-08-02 12:05:35,223 - INFO - Time it takes to pull data: 0.130098 ms
2024-08-02 12:05:35,223 - INFO - Total time since previous plot iteration: 191.68 ms
2024-08-02 12:05:35,223 - INFO - Time delay between first and second subscriber: 1.006365 ms
2024-08-02 12:05:35,250 - INFO - Time it takes to plot data: 0.026994 ms
2024-08-02 12:05:35,417 - INFO - Received 100 samples
2024-08-02 12:05:35,417 - INFO - Time it takes to pull data: 0.129451 ms
2024-08-02 12:05:35,418 - INFO - Total time since previous plot iteration: 194.78 ms
2024-08-02 12:05:35,418 - INFO - Time delay between first and second subscriber: 1.004219 ms
2024-08-02 12:05:35,443 - INFO - Time it takes to plot data: 0.025028 ms
2024-08-02 12:05:35,616 - INFO - Received 100 samples
2024-08-02 12:05:35,616 - INFO - Time it takes to pull data: 0.134093 ms
2024-08-02 12:05:35,617 - INFO - Total time since previous plot iteration: 199.64 ms
2024-08-02 12:05:35,617 - INFO - Time delay between first and second subscriber: 2.000570 ms
2024-08-02 12:05:35,643 - INFO - Time it takes to plot data: 0.026033 ms
2024-08-02 12:05:35,810 - INFO - Received 100 samples
2024-08-02 12:05:35,811 - INFO - Time it takes to pull data: 0.125923 ms
2024-08-02 12:05:35,811 - INFO - Total time since previous plot iteration: 193.98 ms
2024-08-02 12:05:35,811 - INFO - Time delay between first and second subscriber: 0.997782 ms
2024-08-02 12:05:35,865 - INFO - Time it takes to plot data: 0.054039 ms
2024-08-02 12:05:36,003 - INFO - Received 100 samples
2024-08-02 12:05:36,003 - INFO - Time it takes to pull data: 0.094815 ms
2024-08-02 12:05:36,003 - INFO - Total time since previous plot iteration: 191.97 ms
2024-08-02 12:05:36,004 - INFO - Time delay between first and second subscriber: 0.000000 ms
2024-08-02 12:05:36,026 - INFO - Time it takes to plot data: 0.022031 ms
2024-08-02 12:05:36,202 - INFO - Received 100 samples
2024-08-02 12:05:36,202 - INFO - Time it takes to pull data: 0.130070 ms
2024-08-02 12:05:36,202 - INFO - Total time since previous plot iteration: 199.31 ms
2024-08-02 12:05:36,203 - INFO - Time delay between first and second subscriber: 1.000881 ms
2024-08-02 12:05:36,238 - INFO - Time it takes to plot data: 0.035035 ms
2024-08-02 12:05:36,395 - INFO - Received 100 samples
2024-08-02 12:05:36,395 - INFO - Time it takes to pull data: 0.104960 ms
2024-08-02 12:05:36,395 - INFO - Total time since previous plot iteration: 192.49 ms
2024-08-02 12:05:36,395 - INFO - Time delay between first and second subscriber: 1.005173 ms
2024-08-02 12:05:36,419 - INFO - Time it takes to plot data: 0.024028 ms
2024-08-02 12:05:36,588 - INFO - Received 100 samples
2024-08-02 12:05:36,588 - INFO - Time it takes to pull data: 0.119407 ms
2024-08-02 12:05:36,588 - INFO - Total time since previous plot iteration: 192.96 ms
2024-08-02 12:05:36,589 - INFO - Time delay between first and second subscriber: 0.961304 ms
2024-08-02 12:05:36,622 - INFO - Time it takes to plot data: 0.033032 ms
2024-08-02 12:05:36,786 - INFO - Received 100 samples
2024-08-02 12:05:36,786 - INFO - Time it takes to pull data: 0.111790 ms
2024-08-02 12:05:36,786 - INFO - Total time since previous plot iteration: 198.33 ms
2024-08-02 12:05:36,786 - INFO - Time delay between first and second subscriber: 1.006365 ms
2024-08-02 12:05:36,813 - INFO - Time it takes to plot data: 0.027030 ms
2024-08-02 12:05:36,979 - INFO - Received 100 samples
2024-08-02 12:05:36,980 - INFO - Time it takes to pull data: 0.111558 ms
2024-08-02 12:05:36,980 - INFO - Total time since previous plot iteration: 193.62 ms
2024-08-02 12:05:36,980 - INFO - Time delay between first and second subscriber: 1.001596 ms
2024-08-02 12:05:37,004 - INFO - Time it takes to plot data: 0.024034 ms
2024-08-02 12:05:37,174 - INFO - Received 100 samples
2024-08-02 12:05:37,174 - INFO - Time it takes to pull data: 0.115288 ms
2024-08-02 12:05:37,174 - INFO - Total time since previous plot iteration: 194.33 ms
2024-08-02 12:05:37,174 - INFO - Time delay between first and second subscriber: 1.003265 ms
2024-08-02 12:05:37,204 - INFO - Time it takes to plot data: 0.030033 ms
2024-08-02 12:05:37,372 - INFO - Received 100 samples
2024-08-02 12:05:37,372 - INFO - Time it takes to pull data: 0.112241 ms
2024-08-02 12:05:37,372 - INFO - Total time since previous plot iteration: 198.28 ms
2024-08-02 12:05:37,372 - INFO - Time delay between first and second subscriber: 0.964880 ms
2024-08-02 12:05:37,410 - INFO - Time it takes to plot data: 0.037034 ms
2024-08-02 12:05:37,566 - INFO - Received 100 samples
2024-08-02 12:05:37,566 - INFO - Time it takes to pull data: 0.097241 ms
2024-08-02 12:05:37,567 - INFO - Total time since previous plot iteration: 194.25 ms
2024-08-02 12:05:37,567 - INFO - Time delay between first and second subscriber: 2.006054 ms
2024-08-02 12:05:37,594 - INFO - Time it takes to plot data: 0.027587 ms
2024-08-02 12:05:37,759 - INFO - Received 100 samples
2024-08-02 12:05:37,759 - INFO - Time it takes to pull data: 0.106203 ms
2024-08-02 12:05:37,760 - INFO - Total time since previous plot iteration: 193.18 ms
2024-08-02 12:05:37,760 - INFO - Time delay between first and second subscriber: 2.000093 ms
2024-08-02 12:05:37,794 - INFO - Time it takes to plot data: 0.033623 ms
2024-08-02 12:05:37,959 - INFO - Received 100 samples
2024-08-02 12:05:37,960 - INFO - Time it takes to pull data: 0.108077 ms
2024-08-02 12:05:37,960 - INFO - Total time since previous plot iteration: 199.67 ms
2024-08-02 12:05:37,960 - INFO - Time delay between first and second subscriber: 1.003265 ms
2024-08-02 12:05:37,986 - INFO - Time it takes to plot data: 0.026546 ms
2024-08-02 12:05:38,153 - INFO - Received 100 samples
2024-08-02 12:05:38,153 - INFO - Time it takes to pull data: 0.110197 ms
2024-08-02 12:05:38,154 - INFO - Total time since previous plot iteration: 193.74 ms
2024-08-02 12:05:38,154 - INFO - Time delay between first and second subscriber: 1.002550 ms
2024-08-02 12:05:38,189 - INFO - Time it takes to plot data: 0.034686 ms
2024-08-02 12:05:38,344 - INFO - Received 100 samples
2024-08-02 12:05:38,345 - INFO - Time it takes to pull data: 0.098287 ms
2024-08-02 12:05:38,345 - INFO - Total time since previous plot iteration: 191.95 ms
2024-08-02 12:05:38,345 - INFO - Time delay between first and second subscriber: 1.000404 ms
2024-08-02 12:05:38,372 - INFO - Time it takes to plot data: 0.025624 ms
2024-08-02 12:05:38,546 - INFO - Received 100 samples
2024-08-02 12:05:38,546 - INFO - Time it takes to pull data: 0.114829 ms
2024-08-02 12:05:38,546 - INFO - Total time since previous plot iteration: 200.41 ms
2024-08-02 12:05:38,546 - INFO - Time delay between first and second subscriber: 1.003504 ms
2024-08-02 12:05:38,571 - INFO - Time it takes to plot data: 0.025613 ms
2024-08-02 12:05:38,736 - INFO - Received 100 samples
2024-08-02 12:05:38,736 - INFO - Time it takes to pull data: 0.106315 ms
2024-08-02 12:05:38,736 - INFO - Total time since previous plot iteration: 189.89 ms
2024-08-02 12:05:38,736 - INFO - Time delay between first and second subscriber: 0.000000 ms
2024-08-02 12:05:38,762 - INFO - Time it takes to plot data: 0.026038 ms
2024-08-02 12:05:38,931 - INFO - Received 100 samples
2024-08-02 12:05:38,932 - INFO - Time it takes to pull data: 0.110589 ms
2024-08-02 12:05:38,932 - INFO - Total time since previous plot iteration: 196.16 ms
2024-08-02 12:05:38,932 - INFO - Time delay between first and second subscriber: 1.003265 ms
2024-08-02 12:05:38,961 - INFO - Time it takes to plot data: 0.029068 ms
2024-08-02 12:05:39,131 - INFO - Received 100 samples
2024-08-02 12:05:39,132 - INFO - Time it takes to pull data: 0.113570 ms
2024-08-02 12:05:39,132 - INFO - Total time since previous plot iteration: 200.14 ms
2024-08-02 12:05:39,132 - INFO - Time delay between first and second subscriber: 0.998735 ms
2024-08-02 12:05:39,167 - INFO - Time it takes to plot data: 0.035078 ms
2024-08-02 12:05:39,322 - INFO - Received 100 samples
2024-08-02 12:05:39,322 - INFO - Time it takes to pull data: 0.098334 ms
2024-08-02 12:05:39,322 - INFO - Total time since previous plot iteration: 189.96 ms
2024-08-02 12:05:39,323 - INFO - Time delay between first and second subscriber: 0.000000 ms
2024-08-02 12:05:39,348 - INFO - Time it takes to plot data: 0.025033 ms
2024-08-02 12:05:39,521 - INFO - Received 100 samples
2024-08-02 12:05:39,521 - INFO - Time it takes to pull data: 0.115873 ms
2024-08-02 12:05:39,521 - INFO - Total time since previous plot iteration: 199.49 ms
2024-08-02 12:05:39,521 - INFO - Time delay between first and second subscriber: 1.002073 ms
2024-08-02 12:05:39,554 - INFO - Time it takes to plot data: 0.033033 ms
2024-08-02 12:05:39,717 - INFO - Received 100 samples
2024-08-02 12:05:39,717 - INFO - Time it takes to pull data: 0.105982 ms
2024-08-02 12:05:39,717 - INFO - Total time since previous plot iteration: 195.64 ms
2024-08-02 12:05:39,717 - INFO - Time delay between first and second subscriber: 0.997543 ms
2024-08-02 12:05:39,752 - INFO - Time it takes to plot data: 0.035001 ms
2024-08-02 12:05:39,911 - INFO - Received 100 samples
2024-08-02 12:05:39,911 - INFO - Time it takes to pull data: 0.101762 ms
2024-08-02 12:05:39,912 - INFO - Total time since previous plot iteration: 195.38 ms
2024-08-02 12:05:39,912 - INFO - Time delay between first and second subscriber: 0.999928 ms
2024-08-02 12:05:39,937 - INFO - Time it takes to plot data: 0.025029 ms
2024-08-02 12:05:40,106 - INFO - Received 100 samples
2024-08-02 12:05:40,106 - INFO - Time it takes to pull data: 0.111583 ms
2024-08-02 12:05:40,106 - INFO - Total time since previous plot iteration: 193.21 ms
2024-08-02 12:05:40,106 - INFO - Time delay between first and second subscriber: 1.004696 ms
2024-08-02 12:05:40,142 - INFO - Time it takes to plot data: 0.035995 ms
2024-08-02 12:05:40,298 - INFO - Received 100 samples
2024-08-02 12:05:40,299 - INFO - Time it takes to pull data: 0.100571 ms
2024-08-02 12:05:40,299 - INFO - Total time since previous plot iteration: 193.12 ms
2024-08-02 12:05:40,299 - INFO - Time delay between first and second subscriber: 0.999212 ms
2024-08-02 12:05:40,333 - INFO - Time it takes to plot data: 0.034002 ms
2024-08-02 12:05:40,500 - INFO - Received 100 samples
2024-08-02 12:05:40,500 - INFO - Time it takes to pull data: 0.106866 ms
2024-08-02 12:05:40,500 - INFO - Total time since previous plot iteration: 201.45 ms
2024-08-02 12:05:40,500 - INFO - Time delay between first and second subscriber: 1.005411 ms
2024-08-02 12:05:40,536 - INFO - Time it takes to plot data: 0.035998 ms
2024-08-02 12:05:40,692 - INFO - Received 100 samples
2024-08-02 12:05:40,692 - INFO - Time it takes to pull data: 0.099097 ms
2024-08-02 12:05:40,692 - INFO - Total time since previous plot iteration: 191.71 ms
2024-08-02 12:05:40,692 - INFO - Time delay between first and second subscriber: 1.001358 ms
2024-08-02 12:05:40,750 - INFO - Time it takes to plot data: 0.058032 ms
2024-08-02 12:05:40,884 - INFO - Received 100 samples
2024-08-02 12:05:40,884 - INFO - Time it takes to pull data: 0.079187 ms
2024-08-02 12:05:40,885 - INFO - Total time since previous plot iteration: 192.81 ms
2024-08-02 12:05:40,885 - INFO - Time delay between first and second subscriber: 2.006769 ms
2024-08-02 12:05:40,910 - INFO - Time it takes to plot data: 0.025029 ms
2024-08-02 12:05:41,082 - INFO - Received 100 samples
2024-08-02 12:05:41,083 - INFO - Time it takes to pull data: 0.116755 ms
2024-08-02 12:05:41,083 - INFO - Total time since previous plot iteration: 198.80 ms
2024-08-02 12:05:41,083 - INFO - Time delay between first and second subscriber: 1.000643 ms
2024-08-02 12:05:41,121 - INFO - Time it takes to plot data: 0.038027 ms
2024-08-02 12:05:41,275 - INFO - Received 100 samples
2024-08-02 12:05:41,276 - INFO - Time it takes to pull data: 0.097383 ms
2024-08-02 12:05:41,276 - INFO - Total time since previous plot iteration: 193.00 ms
2024-08-02 12:05:41,276 - INFO - Time delay between first and second subscriber: 1.001596 ms
2024-08-02 12:05:41,301 - INFO - Time it takes to plot data: 0.025029 ms
2024-08-02 12:05:41,470 - INFO - Received 100 samples
2024-08-02 12:05:41,470 - INFO - Time it takes to pull data: 0.113394 ms
2024-08-02 12:05:41,470 - INFO - Total time since previous plot iteration: 193.39 ms
2024-08-02 12:05:41,470 - INFO - Time delay between first and second subscriber: 0.996113 ms
2024-08-02 12:05:41,502 - INFO - Time it takes to plot data: 0.031462 ms
2024-08-02 12:05:41,669 - INFO - Received 100 samples
2024-08-02 12:05:41,669 - INFO - Time it takes to pull data: 0.108854 ms
2024-08-02 12:05:41,669 - INFO - Total time since previous plot iteration: 199.35 ms
2024-08-02 12:05:41,670 - INFO - Time delay between first and second subscriber: 1.003265 ms
2024-08-02 12:05:41,696 - INFO - Time it takes to plot data: 0.025609 ms
2024-08-02 12:05:41,861 - INFO - Received 100 samples
2024-08-02 12:05:41,861 - INFO - Time it takes to pull data: 0.106610 ms
2024-08-02 12:05:41,861 - INFO - Total time since previous plot iteration: 192.19 ms
2024-08-02 12:05:41,862 - INFO - Time delay between first and second subscriber: 1.007557 ms
2024-08-02 12:05:41,896 - INFO - Time it takes to plot data: 0.033623 ms
2024-08-02 12:05:42,056 - INFO - Received 100 samples
2024-08-02 12:05:42,056 - INFO - Time it takes to pull data: 0.103604 ms
2024-08-02 12:05:42,056 - INFO - Total time since previous plot iteration: 194.19 ms
2024-08-02 12:05:42,057 - INFO - Time delay between first and second subscriber: 0.963926 ms
2024-08-02 12:05:42,083 - INFO - Time it takes to plot data: 0.026587 ms
2024-08-02 12:05:42,255 - INFO - Received 100 samples
2024-08-02 12:05:42,255 - INFO - Time it takes to pull data: 0.117366 ms
2024-08-02 12:05:42,255 - INFO - Total time since previous plot iteration: 199.92 ms
2024-08-02 12:05:42,256 - INFO - Time delay between first and second subscriber: 1.001358 ms
2024-08-02 12:05:42,291 - INFO - Time it takes to plot data: 0.034664 ms
2024-08-02 12:05:42,448 - INFO - Received 100 samples
2024-08-02 12:05:42,449 - INFO - Time it takes to pull data: 0.102180 ms
2024-08-02 12:05:42,449 - INFO - Total time since previous plot iteration: 193.81 ms
2024-08-02 12:05:42,449 - INFO - Time delay between first and second subscriber: 1.000881 ms
2024-08-02 12:05:42,477 - INFO - Time it takes to plot data: 0.027584 ms
2024-08-02 12:05:42,643 - INFO - Received 100 samples
2024-08-02 12:05:42,643 - INFO - Time it takes to pull data: 0.110649 ms
2024-08-02 12:05:42,644 - INFO - Total time since previous plot iteration: 194.27 ms
2024-08-02 12:05:42,644 - INFO - Time delay between first and second subscriber: 1.003027 ms
2024-08-02 12:05:42,679 - INFO - Time it takes to plot data: 0.035659 ms
2024-08-02 12:05:42,841 - INFO - Received 100 samples
2024-08-02 12:05:42,841 - INFO - Time it takes to pull data: 0.105697 ms
2024-08-02 12:05:42,842 - INFO - Total time since previous plot iteration: 198.36 ms
2024-08-02 12:05:42,842 - INFO - Time delay between first and second subscriber: 2.004147 ms
2024-08-02 12:05:42,879 - INFO - Time it takes to plot data: 0.036655 ms
2024-08-02 12:05:43,033 - INFO - Received 100 samples
2024-08-02 12:05:43,033 - INFO - Time it takes to pull data: 0.099804 ms
2024-08-02 12:05:43,033 - INFO - Total time since previous plot iteration: 191.43 ms
2024-08-02 12:05:43,033 - INFO - Time delay between first and second subscriber: 1.003027 ms
2024-08-02 12:05:43,061 - INFO - Time it takes to plot data: 0.028033 ms
2024-08-02 12:05:43,226 - INFO - Received 100 samples
2024-08-02 12:05:43,226 - INFO - Time it takes to pull data: 0.107927 ms
2024-08-02 12:05:43,226 - INFO - Total time since previous plot iteration: 192.51 ms
2024-08-02 12:05:43,226 - INFO - Time delay between first and second subscriber: 0.999928 ms
2024-08-02 12:05:43,257 - INFO - Time it takes to plot data: 0.031001 ms
2024-08-02 12:05:43,426 - INFO - Received 100 samples
2024-08-02 12:05:43,426 - INFO - Time it takes to pull data: 0.100401 ms
2024-08-02 12:05:43,426 - INFO - Total time since previous plot iteration: 199.99 ms
2024-08-02 12:05:43,426 - INFO - Time delay between first and second subscriber: 1.001596 ms
2024-08-02 12:05:43,450 - INFO - Time it takes to plot data: 0.024032 ms
2024-08-02 12:05:43,620 - INFO - Received 100 samples
2024-08-02 12:05:43,620 - INFO - Time it takes to pull data: 0.113548 ms
2024-08-02 12:05:43,620 - INFO - Total time since previous plot iteration: 194.13 ms
2024-08-02 12:05:43,621 - INFO - Time delay between first and second subscriber: 0.963688 ms
2024-08-02 12:05:43,649 - INFO - Time it takes to plot data: 0.028032 ms
2024-08-02 12:05:43,813 - INFO - Received 100 samples
2024-08-02 12:05:43,814 - INFO - Time it takes to pull data: 0.104903 ms
2024-08-02 12:05:43,814 - INFO - Total time since previous plot iteration: 193.53 ms
2024-08-02 12:05:43,814 - INFO - Time delay between first and second subscriber: 0.998974 ms
2024-08-02 12:05:43,841 - INFO - Time it takes to plot data: 0.027031 ms
2024-08-02 12:05:44,019 - INFO - Received 100 samples
2024-08-02 12:05:44,019 - INFO - Time it takes to pull data: 0.122017 ms
2024-08-02 12:05:44,019 - INFO - Total time since previous plot iteration: 205.61 ms
2024-08-02 12:05:44,019 - INFO - Time delay between first and second subscriber: 7.002354 ms
2024-08-02 12:05:44,043 - INFO - Time it takes to plot data: 0.023997 ms
