2024-07-01 10:29:50,009 - INFO - Starting plot with 2 channels
2024-07-01 10:29:50,097 - INFO - Received 250 samples
2024-07-01 10:29:50,097 - INFO - Time since last plot: 283.91 ms
2024-07-01 10:29:50,097 - INFO - Time to receive batch data from first subscriber: 249.943733 ms
2024-07-01 10:29:50,097 - INFO - Data successfully appended to channel 1
2024-07-01 10:29:50,097 - INFO - Data successfully appended to channel 2
2024-07-01 10:29:50,182 - INFO - Received 250 samples
2024-07-01 10:29:50,183 - INFO - Time since last plot: 86.52 ms
2024-07-01 10:29:50,183 - INFO - Time to receive batch data from first subscriber: 211.925745 ms
2024-07-01 10:29:50,186 - INFO - Data successfully appended to channel 1
2024-07-01 10:29:50,186 - INFO - Data successfully appended to channel 2
2024-07-01 10:29:50,341 - INFO - Received 250 samples
2024-07-01 10:29:50,342 - INFO - Time since last plot: 159.07 ms
2024-07-01 10:29:50,342 - INFO - Time to receive batch data from first subscriber: 246.587992 ms
2024-07-01 10:29:50,342 - INFO - Data successfully appended to channel 1
2024-07-01 10:29:50,342 - INFO - Data successfully appended to channel 2
2024-07-01 10:29:50,400 - INFO - Received 250 samples
2024-07-01 10:29:50,400 - INFO - Time since last plot: 57.53 ms
2024-07-01 10:29:50,400 - INFO - Time to receive batch data from first subscriber: 176.060677 ms
2024-07-01 10:29:50,400 - INFO - Data successfully appended to channel 1
2024-07-01 10:29:50,400 - INFO - Data successfully appended to channel 2
2024-07-01 10:29:50,463 - INFO - Received 250 samples
2024-07-01 10:29:50,463 - INFO - Time since last plot: 62.99 ms
2024-07-01 10:29:50,463 - INFO - Time to receive batch data from first subscriber: 114.526987 ms
2024-07-01 10:29:50,463 - INFO - Data successfully appended to channel 1
2024-07-01 10:29:50,463 - INFO - Data successfully appended to channel 2
2024-07-01 10:29:50,515 - INFO - Received 250 samples
2024-07-01 10:29:50,516 - INFO - Time since last plot: 53.09 ms
2024-07-01 10:29:50,516 - INFO - Time to receive batch data from first subscriber: 44.090033 ms
2024-07-01 10:29:50,516 - INFO - Data successfully appended to channel 1
2024-07-01 10:29:50,516 - INFO - Data successfully appended to channel 2
2024-07-01 10:29:50,596 - INFO - Received 250 samples
2024-07-01 10:29:50,596 - INFO - Time since last plot: 80.05 ms
2024-07-01 10:29:50,596 - INFO - Time to receive batch data from first subscriber: 0.999689 ms
2024-07-01 10:29:50,597 - INFO - Data successfully appended to channel 1
2024-07-01 10:29:50,597 - INFO - Data successfully appended to channel 2
2024-07-01 10:29:50,722 - INFO - Received 250 samples
2024-07-01 10:29:50,722 - INFO - Time since last plot: 126.03 ms
2024-07-01 10:29:50,722 - INFO - Time to receive batch data from first subscriber: 1.000166 ms
2024-07-01 10:29:50,722 - INFO - Data successfully appended to channel 1
2024-07-01 10:29:50,722 - INFO - Data successfully appended to channel 2
2024-07-01 10:29:50,846 - INFO - Received 250 samples
2024-07-01 10:29:50,846 - INFO - Time since last plot: 124.18 ms
2024-07-01 10:29:50,846 - INFO - Time to receive batch data from first subscriber: 0.999928 ms
2024-07-01 10:29:50,846 - INFO - Data successfully appended to channel 1
2024-07-01 10:29:50,846 - INFO - Data successfully appended to channel 2
2024-07-01 10:29:50,972 - INFO - Received 250 samples
2024-07-01 10:29:50,972 - INFO - Time since last plot: 125.52 ms
2024-07-01 10:29:50,972 - INFO - Time to receive batch data from first subscriber: 1.002550 ms
2024-07-01 10:29:50,972 - INFO - Data successfully appended to channel 1
2024-07-01 10:29:50,972 - INFO - Data successfully appended to channel 2
2024-07-01 10:29:51,096 - INFO - Received 250 samples
2024-07-01 10:29:51,096 - INFO - Time since last plot: 124.53 ms
2024-07-01 10:29:51,096 - INFO - Time to receive batch data from first subscriber: 0.999451 ms
2024-07-01 10:29:51,096 - INFO - Data successfully appended to channel 1
2024-07-01 10:29:51,096 - INFO - Data successfully appended to channel 2
2024-07-01 10:29:51,221 - INFO - Received 250 samples
2024-07-01 10:29:51,221 - INFO - Time since last plot: 125.10 ms
2024-07-01 10:29:51,221 - INFO - Time to receive batch data from first subscriber: 1.000166 ms
2024-07-01 10:29:51,221 - INFO - Data successfully appended to channel 1
2024-07-01 10:29:51,221 - INFO - Data successfully appended to channel 2
2024-07-01 10:29:51,346 - INFO - Received 250 samples
2024-07-01 10:29:51,346 - INFO - Time since last plot: 124.81 ms
2024-07-01 10:29:51,346 - INFO - Time to receive batch data from first subscriber: 1.000404 ms
2024-07-01 10:29:51,346 - INFO - Data successfully appended to channel 1
2024-07-01 10:29:51,346 - INFO - Data successfully appended to channel 2
2024-07-01 10:29:51,471 - INFO - Received 250 samples
2024-07-01 10:29:51,472 - INFO - Time since last plot: 125.51 ms
2024-07-01 10:29:51,472 - INFO - Time to receive batch data from first subscriber: 0.999689 ms
2024-07-01 10:29:51,472 - INFO - Data successfully appended to channel 1
2024-07-01 10:29:51,472 - INFO - Data successfully appended to channel 2
2024-07-01 10:29:51,596 - INFO - Received 250 samples
2024-07-01 10:29:51,597 - INFO - Time since last plot: 125.23 ms
2024-07-01 10:29:51,597 - INFO - Time to receive batch data from first subscriber: 1.000881 ms
2024-07-01 10:29:51,597 - INFO - Data successfully appended to channel 1
2024-07-01 10:29:51,597 - INFO - Data successfully appended to channel 2
2024-07-01 10:29:51,721 - INFO - Received 250 samples
2024-07-01 10:29:51,721 - INFO - Time since last plot: 124.05 ms
2024-07-01 10:29:51,721 - INFO - Time to receive batch data from first subscriber: 0.999928 ms
2024-07-01 10:29:51,722 - INFO - Data successfully appended to channel 1
2024-07-01 10:29:51,722 - INFO - Data successfully appended to channel 2
2024-07-01 10:29:51,846 - INFO - Received 250 samples
2024-07-01 10:29:51,846 - INFO - Time since last plot: 125.48 ms
2024-07-01 10:29:51,846 - INFO - Time to receive batch data from first subscriber: 1.000166 ms
2024-07-01 10:29:51,846 - INFO - Data successfully appended to channel 1
2024-07-01 10:29:51,846 - INFO - Data successfully appended to channel 2
2024-07-01 10:29:51,972 - INFO - Received 250 samples
2024-07-01 10:29:51,972 - INFO - Time since last plot: 125.03 ms
2024-07-01 10:29:51,972 - INFO - Time to receive batch data from first subscriber: 0.999212 ms
2024-07-01 10:29:51,972 - INFO - Data successfully appended to channel 1
2024-07-01 10:29:51,972 - INFO - Data successfully appended to channel 2
2024-07-01 10:29:52,096 - INFO - Received 250 samples
2024-07-01 10:29:52,096 - INFO - Time since last plot: 124.53 ms
2024-07-01 10:29:52,096 - INFO - Time to receive batch data from first subscriber: 0.999451 ms
2024-07-01 10:29:52,096 - INFO - Data successfully appended to channel 1
2024-07-01 10:29:52,097 - INFO - Data successfully appended to channel 2
2024-07-01 10:29:52,221 - INFO - Received 250 samples
2024-07-01 10:29:52,221 - INFO - Time since last plot: 125.05 ms
2024-07-01 10:29:52,221 - INFO - Time to receive batch data from first subscriber: 0.999928 ms
2024-07-01 10:29:52,221 - INFO - Data successfully appended to channel 1
2024-07-01 10:29:52,222 - INFO - Data successfully appended to channel 2
2024-07-01 10:29:52,347 - INFO - Received 250 samples
2024-07-01 10:29:52,347 - INFO - Time since last plot: 125.51 ms
2024-07-01 10:29:52,347 - INFO - Time to receive batch data from first subscriber: 0.999689 ms
2024-07-01 10:29:52,347 - INFO - Data successfully appended to channel 1
2024-07-01 10:29:52,347 - INFO - Data successfully appended to channel 2
2024-07-01 10:29:52,655 - INFO - Data log saved to clients/logs/matplotlib\data_20240701_102952.json
