2024-06-27 10:03:30,167 - INFO - Initialized MatPlotLibSub with topic: ProcessedData
2024-06-27 10:03:30,379 - INFO - Starting plot with 2 channels
2024-06-27 10:03:30,478 - INFO - Time since last plot: 311.76 ms
2024-06-27 10:03:30,479 - INFO - Received 250 samples
2024-06-27 10:03:30,479 - INFO - Appended data to channel 1
2024-06-27 10:03:30,479 - INFO - Appended data to channel 2
2024-06-27 10:03:30,511 - INFO - Time since last plot: 33.00 ms
2024-06-27 10:03:30,511 - INFO - Received 250 samples
2024-06-27 10:03:30,511 - INFO - Appended data to channel 1
2024-06-27 10:03:30,514 - INFO - Appended data to channel 2
2024-06-27 10:03:30,592 - INFO - Time since last plot: 80.54 ms
2024-06-27 10:03:30,593 - INFO - Received 250 samples
2024-06-27 10:03:30,593 - INFO - Appended data to channel 1
2024-06-27 10:03:30,593 - INFO - Appended data to channel 2
2024-06-27 10:03:30,645 - INFO - Time since last plot: 53.00 ms
2024-06-27 10:03:30,652 - INFO - Received 250 samples
2024-06-27 10:03:30,652 - INFO - Appended data to channel 1
2024-06-27 10:03:30,652 - INFO - Appended data to channel 2
2024-06-27 10:03:30,700 - INFO - Time since last plot: 54.53 ms
2024-06-27 10:03:30,777 - INFO - Received 250 samples
2024-06-27 10:03:30,777 - INFO - Appended data to channel 1
2024-06-27 10:03:30,777 - INFO - Appended data to channel 2
2024-06-27 10:03:30,826 - INFO - Time since last plot: 126.32 ms
2024-06-27 10:03:30,901 - INFO - Received 250 samples
2024-06-27 10:03:30,902 - INFO - Appended data to channel 1
2024-06-27 10:03:30,902 - INFO - Appended data to channel 2
2024-06-27 10:03:30,949 - INFO - Time since last plot: 123.53 ms
2024-06-27 10:03:31,027 - INFO - Received 250 samples
2024-06-27 10:03:31,027 - INFO - Appended data to channel 1
2024-06-27 10:03:31,027 - INFO - Appended data to channel 2
2024-06-27 10:03:31,081 - INFO - Time since last plot: 132.04 ms
2024-06-27 10:03:31,151 - INFO - Received 250 samples
2024-06-27 10:03:31,152 - INFO - Appended data to channel 1
2024-06-27 10:03:31,152 - INFO - Appended data to channel 2
2024-06-27 10:03:31,199 - INFO - Time since last plot: 117.53 ms
2024-06-27 10:03:31,276 - INFO - Received 250 samples
2024-06-27 10:03:31,277 - INFO - Appended data to channel 1
2024-06-27 10:03:31,277 - INFO - Appended data to channel 2
2024-06-27 10:03:31,333 - INFO - Time since last plot: 134.53 ms
2024-06-27 10:03:31,402 - INFO - Received 250 samples
2024-06-27 10:03:31,402 - INFO - Appended data to channel 1
2024-06-27 10:03:31,402 - INFO - Appended data to channel 2
2024-06-27 10:03:31,454 - INFO - Time since last plot: 120.53 ms
2024-06-27 10:03:31,527 - INFO - Received 250 samples
2024-06-27 10:03:31,527 - INFO - Appended data to channel 1
2024-06-27 10:03:31,527 - INFO - Appended data to channel 2
2024-06-27 10:03:31,572 - INFO - Time since last plot: 118.09 ms
2024-06-27 10:03:31,652 - INFO - Received 250 samples
2024-06-27 10:03:31,652 - INFO - Appended data to channel 1
2024-06-27 10:03:31,652 - INFO - Appended data to channel 2
2024-06-27 10:03:31,707 - INFO - Time since last plot: 134.57 ms
2024-06-27 10:03:31,776 - INFO - Received 250 samples
2024-06-27 10:03:31,777 - INFO - Appended data to channel 1
2024-06-27 10:03:31,777 - INFO - Appended data to channel 2
2024-06-27 10:03:31,826 - INFO - Time since last plot: 119.52 ms
2024-06-27 10:03:31,902 - INFO - Received 250 samples
2024-06-27 10:03:31,902 - INFO - Appended data to channel 1
2024-06-27 10:03:31,902 - INFO - Appended data to channel 2
2024-06-27 10:03:31,947 - INFO - Time since last plot: 120.53 ms
2024-06-27 10:03:32,026 - INFO - Received 250 samples
2024-06-27 10:03:32,026 - INFO - Appended data to channel 1
2024-06-27 10:03:32,027 - INFO - Appended data to channel 2
2024-06-27 10:03:32,071 - INFO - Time since last plot: 124.07 ms
2024-06-27 10:03:32,152 - INFO - Received 250 samples
2024-06-27 10:03:32,158 - INFO - Appended data to channel 1
2024-06-27 10:03:32,158 - INFO - Appended data to channel 2
2024-06-27 10:03:32,202 - INFO - Time since last plot: 131.25 ms
2024-06-27 10:03:32,277 - INFO - Received 250 samples
2024-06-27 10:03:32,278 - INFO - Appended data to channel 1
2024-06-27 10:03:32,278 - INFO - Appended data to channel 2
2024-06-27 10:03:32,339 - INFO - Time since last plot: 136.57 ms
2024-06-27 10:03:32,403 - INFO - Received 250 samples
2024-06-27 10:03:32,403 - INFO - Appended data to channel 1
2024-06-27 10:03:32,403 - INFO - Appended data to channel 2
2024-06-27 10:03:32,459 - INFO - Time since last plot: 120.53 ms
2024-06-27 10:03:32,527 - INFO - Received 250 samples
2024-06-27 10:03:32,527 - INFO - Appended data to channel 1
2024-06-27 10:03:32,527 - INFO - Appended data to channel 2
2024-06-27 10:03:32,576 - INFO - Time since last plot: 117.03 ms
2024-06-27 10:03:32,652 - INFO - Received 250 samples
2024-06-27 10:03:32,652 - INFO - Appended data to channel 1
2024-06-27 10:03:32,652 - INFO - Appended data to channel 2
2024-06-27 10:03:32,698 - INFO - Time since last plot: 122.13 ms
2024-06-27 10:03:32,777 - INFO - Received 250 samples
2024-06-27 10:03:32,777 - INFO - Appended data to channel 1
2024-06-27 10:03:32,777 - INFO - Appended data to channel 2
2024-06-27 10:03:32,826 - INFO - Time since last plot: 127.54 ms
2024-06-27 10:03:32,901 - INFO - Received 250 samples
2024-06-27 10:03:32,902 - INFO - Appended data to channel 1
2024-06-27 10:03:32,902 - INFO - Appended data to channel 2
2024-06-27 10:03:32,952 - INFO - Time since last plot: 126.53 ms
2024-06-27 10:03:33,026 - INFO - Received 250 samples
2024-06-27 10:03:33,026 - INFO - Appended data to channel 1
2024-06-27 10:03:33,027 - INFO - Appended data to channel 2
2024-06-27 10:03:33,082 - INFO - Time since last plot: 129.19 ms
2024-06-27 10:03:33,152 - INFO - Received 250 samples
2024-06-27 10:03:33,152 - INFO - Appended data to channel 1
2024-06-27 10:03:33,152 - INFO - Appended data to channel 2
2024-06-27 10:03:33,199 - INFO - Time since last plot: 117.53 ms
2024-06-27 10:03:33,277 - INFO - Received 250 samples
2024-06-27 10:03:33,277 - INFO - Appended data to channel 1
2024-06-27 10:03:33,277 - INFO - Appended data to channel 2
2024-06-27 10:03:33,329 - INFO - Time since last plot: 130.30 ms
2024-06-27 10:03:33,404 - INFO - Received 250 samples
2024-06-27 10:03:33,404 - INFO - Appended data to channel 1
2024-06-27 10:03:33,405 - INFO - Appended data to channel 2
2024-06-27 10:03:33,720 - INFO - Data log saved to clients/logs\data_log_20240627_100333.json
