2024-08-02 12:04:55,770 - INFO - Starting plot with 16 channels
2024-08-02 12:04:55,777 - INFO - Received 100 samples
2024-08-02 12:04:55,777 - INFO - Time it takes to pull data: 0.000000 ms
2024-08-02 12:04:55,778 - INFO - Total time since previous plot iteration: 229.66 ms
2024-08-02 12:04:55,778 - INFO - Time delay between first and second subscriber: 163.825989 ms
2024-08-02 12:04:55,789 - INFO - Time it takes to plot data: 0.011014 ms
2024-08-02 12:04:55,838 - INFO - Received 100 samples
2024-08-02 12:04:55,838 - INFO - Time it takes to pull data: 0.001001 ms
2024-08-02 12:04:55,842 - INFO - Total time since previous plot iteration: 64.99 ms
2024-08-02 12:04:55,842 - INFO - Time delay between first and second subscriber: 73.901892 ms
2024-08-02 12:04:55,853 - INFO - Time it takes to plot data: 0.010588 ms
2024-08-02 12:04:55,993 - INFO - Received 100 samples
2024-08-02 12:04:55,993 - INFO - Time it takes to pull data: 0.000000 ms
2024-08-02 12:04:55,993 - INFO - Total time since previous plot iteration: 151.14 ms
2024-08-02 12:04:55,993 - INFO - Time delay between first and second subscriber: 21.073341 ms
2024-08-02 12:04:56,006 - INFO - Time it takes to plot data: 0.012968 ms
2024-08-02 12:04:56,173 - INFO - Received 100 samples
2024-08-02 12:04:56,174 - INFO - Time it takes to pull data: 0.075514 ms
2024-08-02 12:04:56,174 - INFO - Total time since previous plot iteration: 181.09 ms
2024-08-02 12:04:56,174 - INFO - Time delay between first and second subscriber: 0.996113 ms
2024-08-02 12:04:56,188 - INFO - Time it takes to plot data: 0.014031 ms
2024-08-02 12:04:56,354 - INFO - Received 100 samples
2024-08-02 12:04:56,354 - INFO - Time it takes to pull data: 0.147089 ms
2024-08-02 12:04:56,354 - INFO - Total time since previous plot iteration: 180.24 ms
2024-08-02 12:04:56,355 - INFO - Time delay between first and second subscriber: 0.968456 ms
2024-08-02 12:04:56,371 - INFO - Time it takes to plot data: 0.015997 ms
2024-08-02 12:04:56,551 - INFO - Received 100 samples
2024-08-02 12:04:56,551 - INFO - Time it takes to pull data: 0.156384 ms
2024-08-02 12:04:56,552 - INFO - Total time since previous plot iteration: 197.45 ms
2024-08-02 12:04:56,552 - INFO - Time delay between first and second subscriber: 1.000643 ms
2024-08-02 12:04:56,562 - INFO - Time it takes to plot data: 0.010002 ms
2024-08-02 12:04:56,743 - INFO - Received 100 samples
2024-08-02 12:04:56,743 - INFO - Time it takes to pull data: 0.160202 ms
2024-08-02 12:04:56,743 - INFO - Total time since previous plot iteration: 191.20 ms
2024-08-02 12:04:56,743 - INFO - Time delay between first and second subscriber: 0.999451 ms
2024-08-02 12:04:56,756 - INFO - Time it takes to plot data: 0.013000 ms
2024-08-02 12:04:56,946 - INFO - Received 100 samples
2024-08-02 12:04:56,946 - INFO - Time it takes to pull data: 0.169820 ms
2024-08-02 12:04:56,946 - INFO - Total time since previous plot iteration: 202.48 ms
2024-08-02 12:04:56,946 - INFO - Time delay between first and second subscriber: 1.004219 ms
2024-08-02 12:04:56,963 - INFO - Time it takes to plot data: 0.017031 ms
2024-08-02 12:04:57,138 - INFO - Received 100 samples
2024-08-02 12:04:57,138 - INFO - Time it takes to pull data: 0.151258 ms
2024-08-02 12:04:57,138 - INFO - Total time since previous plot iteration: 192.31 ms
2024-08-02 12:04:57,138 - INFO - Time delay between first and second subscriber: 1.003265 ms
2024-08-02 12:04:57,155 - INFO - Time it takes to plot data: 0.017027 ms
2024-08-02 12:04:57,331 - INFO - Received 100 samples
2024-08-02 12:04:57,331 - INFO - Time it takes to pull data: 0.153731 ms
2024-08-02 12:04:57,331 - INFO - Total time since previous plot iteration: 192.76 ms
2024-08-02 12:04:57,331 - INFO - Time delay between first and second subscriber: 1.000881 ms
2024-08-02 12:04:57,349 - INFO - Time it takes to plot data: 0.017998 ms
2024-08-02 12:04:57,529 - INFO - Received 100 samples
2024-08-02 12:04:57,529 - INFO - Time it takes to pull data: 0.155488 ms
2024-08-02 12:04:57,530 - INFO - Total time since previous plot iteration: 199.49 ms
2024-08-02 12:04:57,530 - INFO - Time delay between first and second subscriber: 1.967192 ms
2024-08-02 12:04:57,543 - INFO - Time it takes to plot data: 0.013028 ms
2024-08-02 12:04:57,724 - INFO - Received 100 samples
2024-08-02 12:04:57,724 - INFO - Time it takes to pull data: 0.154899 ms
2024-08-02 12:04:57,724 - INFO - Total time since previous plot iteration: 193.90 ms
2024-08-02 12:04:57,724 - INFO - Time delay between first and second subscriber: 0.965118 ms
2024-08-02 12:04:57,737 - INFO - Time it takes to plot data: 0.012999 ms
2024-08-02 12:04:57,917 - INFO - Received 100 samples
2024-08-02 12:04:57,917 - INFO - Time it takes to pull data: 0.151893 ms
2024-08-02 12:04:57,918 - INFO - Total time since previous plot iteration: 192.91 ms
2024-08-02 12:04:57,918 - INFO - Time delay between first and second subscriber: 0.967026 ms
2024-08-02 12:04:57,938 - INFO - Time it takes to plot data: 0.020002 ms
2024-08-02 12:04:58,115 - INFO - Received 100 samples
2024-08-02 12:04:58,115 - INFO - Time it takes to pull data: 0.144442 ms
2024-08-02 12:04:58,115 - INFO - Total time since previous plot iteration: 198.46 ms
2024-08-02 12:04:58,115 - INFO - Time delay between first and second subscriber: 0.962019 ms
2024-08-02 12:04:58,131 - INFO - Time it takes to plot data: 0.015999 ms
2024-08-02 12:04:58,308 - INFO - Received 100 samples
2024-08-02 12:04:58,308 - INFO - Time it takes to pull data: 0.147979 ms
2024-08-02 12:04:58,308 - INFO - Total time since previous plot iteration: 193.01 ms
2024-08-02 12:04:58,308 - INFO - Time delay between first and second subscriber: 0.968933 ms
2024-08-02 12:04:58,321 - INFO - Time it takes to plot data: 0.012547 ms
2024-08-02 12:04:58,501 - INFO - Received 100 samples
2024-08-02 12:04:58,501 - INFO - Time it takes to pull data: 0.149422 ms
2024-08-02 12:04:58,501 - INFO - Total time since previous plot iteration: 193.00 ms
2024-08-02 12:04:58,501 - INFO - Time delay between first and second subscriber: 0.966787 ms
2024-08-02 12:04:58,513 - INFO - Time it takes to plot data: 0.011658 ms
2024-08-02 12:04:58,694 - INFO - Received 100 samples
2024-08-02 12:04:58,695 - INFO - Time it takes to pull data: 0.149408 ms
2024-08-02 12:04:58,695 - INFO - Total time since previous plot iteration: 194.04 ms
2024-08-02 12:04:58,695 - INFO - Time delay between first and second subscriber: 1.008272 ms
2024-08-02 12:04:58,715 - INFO - Time it takes to plot data: 0.019568 ms
2024-08-02 12:04:58,897 - INFO - Received 100 samples
2024-08-02 12:04:58,897 - INFO - Time it takes to pull data: 0.135653 ms
2024-08-02 12:04:58,897 - INFO - Total time since previous plot iteration: 201.24 ms
2024-08-02 12:04:58,897 - INFO - Time delay between first and second subscriber: 1.010180 ms
2024-08-02 12:04:58,912 - INFO - Time it takes to plot data: 0.015613 ms
2024-08-02 12:04:59,095 - INFO - Received 100 samples
2024-08-02 12:04:59,095 - INFO - Time it takes to pull data: 0.148026 ms
2024-08-02 12:04:59,095 - INFO - Total time since previous plot iteration: 198.61 ms
2024-08-02 12:04:59,095 - INFO - Time delay between first and second subscriber: 0.966072 ms
2024-08-02 12:04:59,109 - INFO - Time it takes to plot data: 0.014038 ms
2024-08-02 12:04:59,280 - INFO - Received 100 samples
2024-08-02 12:04:59,280 - INFO - Time it takes to pull data: 0.131170 ms
2024-08-02 12:04:59,281 - INFO - Total time since previous plot iteration: 185.72 ms
2024-08-02 12:04:59,281 - INFO - Time delay between first and second subscriber: 1.968861 ms
2024-08-02 12:04:59,299 - INFO - Time it takes to plot data: 0.018039 ms
2024-08-02 12:04:59,481 - INFO - Received 100 samples
2024-08-02 12:04:59,481 - INFO - Time it takes to pull data: 0.144799 ms
2024-08-02 12:04:59,481 - INFO - Total time since previous plot iteration: 200.43 ms
2024-08-02 12:04:59,481 - INFO - Time delay between first and second subscriber: 0.967026 ms
2024-08-02 12:04:59,502 - INFO - Time it takes to plot data: 0.020042 ms
2024-08-02 12:04:59,675 - INFO - Received 100 samples
2024-08-02 12:04:59,675 - INFO - Time it takes to pull data: 0.128736 ms
2024-08-02 12:04:59,675 - INFO - Total time since previous plot iteration: 193.27 ms
2024-08-02 12:04:59,675 - INFO - Time delay between first and second subscriber: 0.969887 ms
2024-08-02 12:04:59,691 - INFO - Time it takes to plot data: 0.015029 ms
2024-08-02 12:04:59,875 - INFO - Received 100 samples
2024-08-02 12:04:59,875 - INFO - Time it takes to pull data: 0.146516 ms
2024-08-02 12:04:59,875 - INFO - Total time since previous plot iteration: 200.72 ms
2024-08-02 12:04:59,876 - INFO - Time delay between first and second subscriber: 0.967979 ms
2024-08-02 12:04:59,895 - INFO - Time it takes to plot data: 0.019035 ms
2024-08-02 12:05:00,066 - INFO - Received 100 samples
2024-08-02 12:05:00,066 - INFO - Time it takes to pull data: 0.127753 ms
2024-08-02 12:05:00,066 - INFO - Total time since previous plot iteration: 190.38 ms
2024-08-02 12:05:00,066 - INFO - Time delay between first and second subscriber: 0.968933 ms
2024-08-02 12:05:00,079 - INFO - Time it takes to plot data: 0.013031 ms
2024-08-02 12:05:00,260 - INFO - Received 100 samples
2024-08-02 12:05:00,260 - INFO - Time it takes to pull data: 0.142162 ms
2024-08-02 12:05:00,261 - INFO - Total time since previous plot iteration: 194.82 ms
2024-08-02 12:05:00,261 - INFO - Time delay between first and second subscriber: 1.000881 ms
2024-08-02 12:05:00,278 - INFO - Time it takes to plot data: 0.017030 ms
2024-08-02 12:05:00,461 - INFO - Received 100 samples
2024-08-02 12:05:00,462 - INFO - Time it takes to pull data: 0.145979 ms
2024-08-02 12:05:00,462 - INFO - Total time since previous plot iteration: 201.23 ms
2024-08-02 12:05:00,462 - INFO - Time delay between first and second subscriber: 1.001358 ms
2024-08-02 12:05:00,477 - INFO - Time it takes to plot data: 0.015030 ms
2024-08-02 12:05:00,650 - INFO - Received 100 samples
2024-08-02 12:05:00,650 - INFO - Time it takes to pull data: 0.137038 ms
2024-08-02 12:05:00,650 - INFO - Total time since previous plot iteration: 188.54 ms
2024-08-02 12:05:00,650 - INFO - Time delay between first and second subscriber: 0.000000 ms
2024-08-02 12:05:00,683 - INFO - Time it takes to plot data: 0.032034 ms
2024-08-02 12:05:00,846 - INFO - Received 100 samples
2024-08-02 12:05:00,847 - INFO - Time it takes to pull data: 0.124784 ms
2024-08-02 12:05:00,847 - INFO - Total time since previous plot iteration: 196.40 ms
2024-08-02 12:05:00,847 - INFO - Time delay between first and second subscriber: 1.962662 ms
2024-08-02 12:05:00,861 - INFO - Time it takes to plot data: 0.014031 ms
2024-08-02 12:05:01,043 - INFO - Received 100 samples
2024-08-02 12:05:01,043 - INFO - Time it takes to pull data: 0.143361 ms
2024-08-02 12:05:01,043 - INFO - Total time since previous plot iteration: 196.40 ms
2024-08-02 12:05:01,043 - INFO - Time delay between first and second subscriber: 0.969648 ms
2024-08-02 12:05:01,058 - INFO - Time it takes to plot data: 0.015026 ms
2024-08-02 12:05:01,240 - INFO - Received 100 samples
2024-08-02 12:05:01,240 - INFO - Time it takes to pull data: 0.144587 ms
2024-08-02 12:05:01,241 - INFO - Total time since previous plot iteration: 197.58 ms
2024-08-02 12:05:01,241 - INFO - Time delay between first and second subscriber: 1.000404 ms
2024-08-02 12:05:01,262 - INFO - Time it takes to plot data: 0.021038 ms
2024-08-02 12:05:01,433 - INFO - Received 100 samples
2024-08-02 12:05:01,433 - INFO - Time it takes to pull data: 0.131516 ms
2024-08-02 12:05:01,434 - INFO - Total time since previous plot iteration: 193.57 ms
2024-08-02 12:05:01,434 - INFO - Time delay between first and second subscriber: 1.002312 ms
2024-08-02 12:05:01,448 - INFO - Time it takes to plot data: 0.014027 ms
2024-08-02 12:05:01,627 - INFO - Received 100 samples
2024-08-02 12:05:01,627 - INFO - Time it takes to pull data: 0.142684 ms
2024-08-02 12:05:01,627 - INFO - Total time since previous plot iteration: 192.68 ms
2024-08-02 12:05:01,627 - INFO - Time delay between first and second subscriber: 0.968218 ms
2024-08-02 12:05:01,648 - INFO - Time it takes to plot data: 0.020995 ms
2024-08-02 12:05:01,826 - INFO - Received 100 samples
2024-08-02 12:05:01,826 - INFO - Time it takes to pull data: 0.141383 ms
2024-08-02 12:05:01,826 - INFO - Total time since previous plot iteration: 199.38 ms
2024-08-02 12:05:01,826 - INFO - Time delay between first and second subscriber: 0.966787 ms
2024-08-02 12:05:01,843 - INFO - Time it takes to plot data: 0.016995 ms
2024-08-02 12:05:02,020 - INFO - Received 100 samples
2024-08-02 12:05:02,020 - INFO - Time it takes to pull data: 0.140568 ms
2024-08-02 12:05:02,020 - INFO - Total time since previous plot iteration: 193.56 ms
2024-08-02 12:05:02,020 - INFO - Time delay between first and second subscriber: 0.964642 ms
2024-08-02 12:05:02,040 - INFO - Time it takes to plot data: 0.020033 ms
2024-08-02 12:05:02,214 - INFO - Received 100 samples
2024-08-02 12:05:02,214 - INFO - Time it takes to pull data: 0.132819 ms
2024-08-02 12:05:02,214 - INFO - Total time since previous plot iteration: 193.82 ms
2024-08-02 12:05:02,214 - INFO - Time delay between first and second subscriber: 0.968933 ms
2024-08-02 12:05:02,228 - INFO - Time it takes to plot data: 0.014624 ms
2024-08-02 12:05:02,411 - INFO - Received 100 samples
2024-08-02 12:05:02,411 - INFO - Time it takes to pull data: 0.140397 ms
2024-08-02 12:05:02,411 - INFO - Total time since previous plot iteration: 196.96 ms
2024-08-02 12:05:02,412 - INFO - Time delay between first and second subscriber: 0.000000 ms
2024-08-02 12:05:02,426 - INFO - Time it takes to plot data: 0.014607 ms
2024-08-02 12:05:02,607 - INFO - Received 100 samples
2024-08-02 12:05:02,607 - INFO - Time it takes to pull data: 0.135659 ms
2024-08-02 12:05:02,607 - INFO - Total time since previous plot iteration: 196.24 ms
2024-08-02 12:05:02,607 - INFO - Time delay between first and second subscriber: 0.968933 ms
2024-08-02 12:05:02,629 - INFO - Time it takes to plot data: 0.021618 ms
2024-08-02 12:05:02,800 - INFO - Received 100 samples
2024-08-02 12:05:02,800 - INFO - Time it takes to pull data: 0.129315 ms
2024-08-02 12:05:02,800 - INFO - Total time since previous plot iteration: 192.90 ms
2024-08-02 12:05:02,800 - INFO - Time delay between first and second subscriber: 0.963926 ms
2024-08-02 12:05:02,817 - INFO - Time it takes to plot data: 0.017043 ms
2024-08-02 12:05:02,993 - INFO - Received 100 samples
2024-08-02 12:05:02,994 - INFO - Time it takes to pull data: 0.138016 ms
2024-08-02 12:05:02,994 - INFO - Total time since previous plot iteration: 194.15 ms
2024-08-02 12:05:02,994 - INFO - Time delay between first and second subscriber: 0.998735 ms
2024-08-02 12:05:03,011 - INFO - Time it takes to plot data: 0.016998 ms
2024-08-02 12:05:03,192 - INFO - Received 100 samples
2024-08-02 12:05:03,193 - INFO - Time it takes to pull data: 0.143324 ms
2024-08-02 12:05:03,193 - INFO - Total time since previous plot iteration: 198.83 ms
2024-08-02 12:05:03,193 - INFO - Time delay between first and second subscriber: 1.002073 ms
2024-08-02 12:05:03,215 - INFO - Time it takes to plot data: 0.022005 ms
2024-08-02 12:05:03,384 - INFO - Received 100 samples
2024-08-02 12:05:03,385 - INFO - Time it takes to pull data: 0.109069 ms
2024-08-02 12:05:03,385 - INFO - Total time since previous plot iteration: 192.36 ms
2024-08-02 12:05:03,385 - INFO - Time delay between first and second subscriber: 2.012968 ms
2024-08-02 12:05:03,412 - INFO - Time it takes to plot data: 0.027009 ms
2024-08-02 12:05:03,583 - INFO - Received 100 samples
2024-08-02 12:05:03,583 - INFO - Time it takes to pull data: 0.095536 ms
2024-08-02 12:05:03,583 - INFO - Total time since previous plot iteration: 198.05 ms
2024-08-02 12:05:03,584 - INFO - Time delay between first and second subscriber: 1.016855 ms
2024-08-02 12:05:03,604 - INFO - Time it takes to plot data: 0.019731 ms
2024-08-02 12:05:03,777 - INFO - Received 100 samples
2024-08-02 12:05:03,777 - INFO - Time it takes to pull data: 0.129831 ms
2024-08-02 12:05:03,777 - INFO - Total time since previous plot iteration: 193.40 ms
2024-08-02 12:05:03,777 - INFO - Time delay between first and second subscriber: 1.000166 ms
2024-08-02 12:05:03,792 - INFO - Time it takes to plot data: 0.014999 ms
2024-08-02 12:05:03,970 - INFO - Received 100 samples
2024-08-02 12:05:03,970 - INFO - Time it takes to pull data: 0.137795 ms
2024-08-02 12:05:03,970 - INFO - Total time since previous plot iteration: 193.79 ms
2024-08-02 12:05:03,970 - INFO - Time delay between first and second subscriber: 1.002550 ms
2024-08-02 12:05:03,988 - INFO - Time it takes to plot data: 0.018026 ms
2024-08-02 12:05:04,171 - INFO - Received 100 samples
2024-08-02 12:05:04,171 - INFO - Time it takes to pull data: 0.142275 ms
2024-08-02 12:05:04,171 - INFO - Total time since previous plot iteration: 200.84 ms
2024-08-02 12:05:04,171 - INFO - Time delay between first and second subscriber: 0.998735 ms
2024-08-02 12:05:04,184 - INFO - Time it takes to plot data: 0.013015 ms
2024-08-02 12:05:04,365 - INFO - Received 100 samples
2024-08-02 12:05:04,365 - INFO - Time it takes to pull data: 0.141206 ms
2024-08-02 12:05:04,365 - INFO - Total time since previous plot iteration: 193.45 ms
2024-08-02 12:05:04,365 - INFO - Time delay between first and second subscriber: 0.966549 ms
2024-08-02 12:05:04,386 - INFO - Time it takes to plot data: 0.021033 ms
